2015-07-22 23:55:55,810 INFO  [ClassPathXmlApplicationContext] Refreshing org.springframework.context.support.ClassPathXmlApplicationContext@3abfe836: startup date [Wed Jul 22 23:55:55 CST 2015]; root of context hierarchy
2015-07-22 23:55:55,888 INFO  [XmlBeanDefinitionReader] Loading XML bean definitions from URL [file:/F:/codes/Linkit/org.polaris.framework/org.polaris.framework.common/target/classes/beanRefContext.xml]
2015-07-22 23:55:56,220 INFO  [ClassPathXmlApplicationContext] Refreshing org.springframework.context.support.ClassPathXmlApplicationContext@1e7c7811: startup date [Wed Jul 22 23:55:56 CST 2015]; root of context hierarchy
2015-07-22 23:55:56,235 INFO  [XmlBeanDefinitionReader] Loading XML bean definitions from file [F:\codes\Linkit\org.polaris.framework\org.polaris.framework.debug\target\classes\META-INF\spring\debug.xml]
2015-07-22 23:55:56,461 INFO  [XmlBeanDefinitionReader] Loading XML bean definitions from file [F:\codes\Linkit\org.polaris.framework\org.polaris.framework.debug\target\classes\META-INF\spring\server.xml]
2015-07-22 23:55:56,501 INFO  [XmlBeanDefinitionReader] Loading XML bean definitions from file [F:\codes\Linkit\org.polaris.framework\org.polaris.framework.debug\target\classes\META-INF\spring\station.xml]
2015-07-22 23:55:56,561 INFO  [XmlBeanDefinitionReader] Loading XML bean definitions from file [F:\codes\Linkit\org.polaris.framework\org.polaris.framework.common\target\classes\META-INF\spring\common-applicationcontext.xml]
2015-07-22 23:55:56,637 INFO  [XmlBeanDefinitionReader] Loading XML bean definitions from file [F:\codes\Linkit\org.polaris.framework\org.polaris.framework.authorize\target\classes\META-INF\spring\authorize-applicationcontext.xml]
2015-07-22 23:55:56,675 INFO  [XmlBeanDefinitionReader] Loading XML bean definitions from file [F:\codes\Linkit\org.polaris.framework\org.polaris.framework.webapp\org.polaris.framework.webapp.extjs\target\classes\META-INF\spring\extjs-applicationcontext.xml]
2015-07-22 23:55:57,473 INFO  [Version] HCANN000001: Hibernate Commons Annotations {4.0.5.Final}
2015-07-22 23:55:57,483 INFO  [Version] HHH000412: Hibernate Core {4.3.8.Final}
2015-07-22 23:55:57,485 INFO  [Environment] HHH000206: hibernate.properties not found
2015-07-22 23:55:57,488 INFO  [Environment] HHH000021: Bytecode provider name : javassist
2015-07-22 23:55:58,143 INFO  [Dialect] HHH000400: Using dialect: org.hibernate.dialect.MySQL5Dialect
2015-07-22 23:55:58,406 INFO  [TransactionFactoryInitiator] HHH000399: Using default transaction strategy (direct JDBC transactions)
2015-07-22 23:55:58,417 INFO  [ASTQueryTranslatorFactory] HHH000397: Using ASTQueryTranslatorFactory
2015-07-22 23:55:58,504 INFO  [Version] HV000001: Hibernate Validator 5.1.3.Final
2015-07-22 23:55:58,894 WARN  [UUIDHexGenerator] HHH000409: Using org.hibernate.id.UUIDHexGenerator which does not generate IETF RFC 4122 compliant UUID values; consider using org.hibernate.id.UUIDGenerator instead
2015-07-22 23:55:59,651 INFO  [SchemaUpdate] HHH000228: Running hbm2ddl schema update
2015-07-22 23:55:59,651 INFO  [SchemaUpdate] HHH000102: Fetching database metadata
2015-07-22 23:55:59,655 INFO  [SchemaUpdate] HHH000396: Updating schema
2015-07-22 23:55:59,699 INFO  [TableMetadata] HHH000261: Table found: test.station
2015-07-22 23:55:59,699 INFO  [TableMetadata] HHH000037: Columns: [mnc, lng, ci, id, mcc, lat, info, lac]
2015-07-22 23:55:59,699 INFO  [TableMetadata] HHH000108: Foreign keys: []
2015-07-22 23:55:59,699 INFO  [TableMetadata] HHH000126: Indexes: [primary]
2015-07-22 23:55:59,700 INFO  [SchemaUpdate] HHH000232: Schema update complete
2015-07-22 23:56:00,030 INFO  [STDERR] 2015-07-22 23:56:00.028:INFO::main: Logging initialized @5213ms
2015-07-22 23:56:00,353 INFO  [HandlerCollectionFactory] add ServletContextHandler: class org.eclipse.jetty.servlet.ServletContextHandler
2015-07-22 23:56:00,392 INFO  [HandlerCollectionFactory] add ResourceHandler: class org.eclipse.jetty.server.handler.ResourceHandler
2015-07-22 23:56:00,392 INFO  [HandlerCollectionFactory] add ResourceHandler: class org.eclipse.jetty.server.handler.ResourceHandler
2015-07-22 23:56:00,435 INFO  [HibernateTransactionManager] Using DataSource [org.apache.commons.dbcp.BasicDataSource@2da59753] of Hibernate SessionFactory for HibernateTransactionManager
2015-07-22 23:56:00,448 INFO  [ConsoleService] loading Console service...
2015-07-22 23:56:00,458 INFO  [ConsoleService] 
2015-07-22 23:56:00,458 INFO  [ConsoleService] Console service loaded successful!
2015-07-22 23:56:00,591 INFO  [STDERR] 2015-07-22 23:56:00.590:INFO:oejs.Server:Thread-1: jetty-9.2.10.v20150310
2015-07-22 23:56:00,655 INFO  [STDERR] 2015-07-22 23:56:00.655:INFO:/api:Thread-1: Initializing Spring root WebApplicationContext
2015-07-22 23:56:00,655 INFO  [ContextLoader] Root WebApplicationContext: initialization started
2015-07-22 23:56:00,673 INFO  [XmlWebApplicationContext] Refreshing Root WebApplicationContext: startup date [Wed Jul 22 23:56:00 CST 2015]; parent: ApplicationContext 'polarisApplicationContext'
2015-07-22 23:56:00,696 INFO  [ContextLoader] Root WebApplicationContext: initialization completed in 41 ms
2015-07-22 23:56:00,734 INFO  [STDERR] 2015-07-22 23:56:00.734:INFO:/api:Thread-1: Initializing Spring FrameworkServlet 'org.springframework.web.servlet.DispatcherServlet-4c060c8f'
2015-07-22 23:56:00,734 INFO  [DispatcherServlet] FrameworkServlet 'org.springframework.web.servlet.DispatcherServlet-4c060c8f': initialization started
2015-07-22 23:56:00,737 INFO  [XmlWebApplicationContext] Refreshing WebApplicationContext for namespace 'org.springframework.web.servlet.DispatcherServlet-4c060c8f-servlet': startup date [Wed Jul 22 23:56:00 CST 2015]; parent: Root WebApplicationContext
2015-07-22 23:56:00,739 INFO  [XmlBeanDefinitionReader] Loading XML bean definitions from file [F:\codes\Linkit\org.polaris.framework\org.polaris.framework.debug\target\classes\META-INF\servlet\debug-servlet.xml]
2015-07-22 23:56:00,870 INFO  [XmlBeanDefinitionReader] Loading XML bean definitions from file [F:\codes\Linkit\org.polaris.framework\org.polaris.framework.webapp\org.polaris.framework.webapp.extjs\target\classes\META-INF\servlet\extjs-servlet.xml]
2015-07-22 23:56:01,274 INFO  [RequestMappingHandlerMapping] Mapped "{[/menu/{id}],methods=[GET],params=[],headers=[],consumes=[],produces=[],custom=[]}" onto public org.polaris.framework.webapp.extjs.Node[] org.polaris.framework.debug.controller.MenuController.load(java.lang.String)
2015-07-22 23:56:01,276 INFO  [RequestMappingHandlerMapping] Mapped "{[/station],methods=[POST],params=[],headers=[],consumes=[],produces=[],custom=[]}" onto public org.polaris.framework.common.rest.FormResult org.polaris.framework.debug.controller.StationController.save(org.polaris.framework.debug.vo.Station)
2015-07-22 23:56:01,277 INFO  [RequestMappingHandlerMapping] Mapped "{[/station/grid],methods=[GET],params=[],headers=[],consumes=[],produces=[],custom=[]}" onto public org.polaris.framework.common.rest.PagingResult<org.polaris.framework.debug.vo.Station> org.polaris.framework.debug.controller.StationController.getStations(java.lang.Integer,java.lang.Integer)
2015-07-22 23:56:01,277 INFO  [RequestMappingHandlerMapping] Mapped "{[/station/{id}],methods=[GET],params=[],headers=[],consumes=[],produces=[],custom=[]}" onto public org.polaris.framework.common.rest.FormResult org.polaris.framework.debug.controller.StationController.getStation(java.lang.String)
2015-07-22 23:56:01,277 INFO  [RequestMappingHandlerMapping] Mapped "{[/station/grid],methods=[DELETE],params=[],headers=[],consumes=[],produces=[],custom=[]}" onto public org.polaris.framework.common.rest.FormResult org.polaris.framework.debug.controller.StationController.deleteStations(org.polaris.framework.debug.vo.Station[])
2015-07-22 23:56:01,278 INFO  [RequestMappingHandlerMapping] Mapped "{[/station/grid],methods=[PUT],params=[],headers=[],consumes=[],produces=[],custom=[]}" onto public org.polaris.framework.common.rest.FormResult org.polaris.framework.debug.controller.StationController.updateStations(org.polaris.framework.debug.vo.Station[])
2015-07-22 23:56:01,278 INFO  [RequestMappingHandlerMapping] Mapped "{[/station/grid],methods=[POST],params=[],headers=[],consumes=[],produces=[],custom=[]}" onto public org.polaris.framework.common.rest.FormResult org.polaris.framework.debug.controller.StationController.insertStations(org.polaris.framework.debug.vo.Station[])
2015-07-22 23:56:01,281 INFO  [RequestMappingHandlerMapping] Mapped "{[/extjs],methods=[GET],params=[],headers=[],consumes=[],produces=[],custom=[]}" onto public java.lang.Object org.polaris.framework.webapp.extjs.ExtjsController.test()
2015-07-22 23:56:01,953 INFO  [RequestMappingHandlerAdapter] Looking for @ControllerAdvice: WebApplicationContext for namespace 'org.springframework.web.servlet.DispatcherServlet-4c060c8f-servlet': startup date [Wed Jul 22 23:56:00 CST 2015]; parent: Root WebApplicationContext
2015-07-22 23:56:02,033 INFO  [RequestMappingHandlerAdapter] Looking for @ControllerAdvice: WebApplicationContext for namespace 'org.springframework.web.servlet.DispatcherServlet-4c060c8f-servlet': startup date [Wed Jul 22 23:56:00 CST 2015]; parent: Root WebApplicationContext
2015-07-22 23:56:02,328 INFO  [DispatcherServlet] FrameworkServlet 'org.springframework.web.servlet.DispatcherServlet-4c060c8f': initialization completed in 1594 ms
2015-07-22 23:56:02,328 INFO  [STDERR] 2015-07-22 23:56:02.328:INFO:oejsh.ContextHandler:Thread-1: Started o.e.j.s.ServletContextHandler@4d0942a{/api,null,AVAILABLE}
2015-07-22 23:56:02,364 INFO  [STDERR] 2015-07-22 23:56:02.363:INFO:oejs.ServerConnector:Thread-1: Started ServerConnector@513536a2{HTTP/1.1}{0.0.0.0:6001}
2015-07-22 23:56:02,364 INFO  [STDERR] 2015-07-22 23:56:02.364:INFO:oejs.Server:Thread-1: Started @7549ms
