2015-07-22 23:44:36,675 INFO  [ClassPathXmlApplicationContext] Refreshing org.springframework.context.support.ClassPathXmlApplicationContext@3abfe836: startup date [Wed Jul 22 23:44:36 CST 2015]; root of context hierarchy
2015-07-22 23:44:36,787 INFO  [XmlBeanDefinitionReader] Loading XML bean definitions from URL [file:/F:/codes/Linkit/org.polaris.framework/org.polaris.framework.common/target/classes/beanRefContext.xml]
2015-07-22 23:44:37,211 INFO  [ClassPathXmlApplicationContext] Refreshing org.springframework.context.support.ClassPathXmlApplicationContext@1e7c7811: startup date [Wed Jul 22 23:44:37 CST 2015]; root of context hierarchy
2015-07-22 23:44:37,228 INFO  [XmlBeanDefinitionReader] Loading XML bean definitions from file [F:\codes\Linkit\org.polaris.framework\org.polaris.framework.debug\target\classes\META-INF\spring\debug.xml]
2015-07-22 23:44:37,520 INFO  [XmlBeanDefinitionReader] Loading XML bean definitions from file [F:\codes\Linkit\org.polaris.framework\org.polaris.framework.debug\target\classes\META-INF\spring\server.xml]
2015-07-22 23:44:37,584 INFO  [XmlBeanDefinitionReader] Loading XML bean definitions from file [F:\codes\Linkit\org.polaris.framework\org.polaris.framework.debug\target\classes\META-INF\spring\station.xml]
2015-07-22 23:44:37,654 INFO  [XmlBeanDefinitionReader] Loading XML bean definitions from file [F:\codes\Linkit\org.polaris.framework\org.polaris.framework.common\target\classes\META-INF\spring\common-applicationcontext.xml]
2015-07-22 23:44:37,744 INFO  [XmlBeanDefinitionReader] Loading XML bean definitions from file [F:\codes\Linkit\org.polaris.framework\org.polaris.framework.authorize\target\classes\META-INF\spring\authorize-applicationcontext.xml]
2015-07-22 23:44:37,782 INFO  [XmlBeanDefinitionReader] Loading XML bean definitions from file [F:\codes\Linkit\org.polaris.framework\org.polaris.framework.webapp\org.polaris.framework.webapp.extjs\target\classes\META-INF\spring\extjs-applicationcontext.xml]
2015-07-22 23:44:38,754 INFO  [Version] HCANN000001: Hibernate Commons Annotations {4.0.5.Final}
2015-07-22 23:44:38,769 INFO  [Version] HHH000412: Hibernate Core {4.3.8.Final}
2015-07-22 23:44:38,773 INFO  [Environment] HHH000206: hibernate.properties not found
2015-07-22 23:44:38,776 INFO  [Environment] HHH000021: Bytecode provider name : javassist
2015-07-22 23:44:39,696 INFO  [Dialect] HHH000400: Using dialect: org.hibernate.dialect.MySQL5Dialect
2015-07-22 23:44:39,997 INFO  [TransactionFactoryInitiator] HHH000399: Using default transaction strategy (direct JDBC transactions)
2015-07-22 23:44:40,012 INFO  [ASTQueryTranslatorFactory] HHH000397: Using ASTQueryTranslatorFactory
2015-07-22 23:44:40,125 INFO  [Version] HV000001: Hibernate Validator 5.1.3.Final
2015-07-22 23:44:40,595 WARN  [UUIDHexGenerator] HHH000409: Using org.hibernate.id.UUIDHexGenerator which does not generate IETF RFC 4122 compliant UUID values; consider using org.hibernate.id.UUIDGenerator instead
2015-07-22 23:44:41,790 INFO  [SchemaUpdate] HHH000228: Running hbm2ddl schema update
2015-07-22 23:44:41,791 INFO  [SchemaUpdate] HHH000102: Fetching database metadata
2015-07-22 23:44:41,799 INFO  [SchemaUpdate] HHH000396: Updating schema
2015-07-22 23:44:41,808 INFO  [DatabaseMetaData] HHH000262: Table not found: Station
2015-07-22 23:44:41,811 INFO  [DatabaseMetaData] HHH000262: Table not found: Station
2015-07-22 23:44:41,813 INFO  [DatabaseMetaData] HHH000262: Table not found: Station
2015-07-22 23:44:41,848 INFO  [SchemaUpdate] HHH000232: Schema update complete
2015-07-22 23:44:42,125 INFO  [STDERR] 2015-07-22 23:44:42.124:INFO::main: Logging initialized @6380ms
2015-07-22 23:44:42,393 INFO  [HandlerCollectionFactory] add ServletContextHandler: class org.eclipse.jetty.servlet.ServletContextHandler
2015-07-22 23:44:42,428 INFO  [HandlerCollectionFactory] add ResourceHandler: class org.eclipse.jetty.server.handler.ResourceHandler
2015-07-22 23:44:42,429 INFO  [HandlerCollectionFactory] add ResourceHandler: class org.eclipse.jetty.server.handler.ResourceHandler
2015-07-22 23:44:42,471 INFO  [HibernateTransactionManager] Using DataSource [org.apache.commons.dbcp.BasicDataSource@2da59753] of Hibernate SessionFactory for HibernateTransactionManager
2015-07-22 23:44:42,486 INFO  [ConsoleService] loading Console service...
2015-07-22 23:44:42,487 INFO  [ConsoleService] 
2015-07-22 23:44:42,487 INFO  [ConsoleService] Console service loaded successful!
2015-07-22 23:44:42,619 INFO  [STDERR] 2015-07-22 23:44:42.619:INFO:oejs.Server:Thread-1: jetty-9.2.10.v20150310
2015-07-22 23:44:42,659 INFO  [STDERR] 2015-07-22 23:44:42.659:INFO:/api:Thread-1: Initializing Spring root WebApplicationContext
2015-07-22 23:44:42,660 INFO  [ContextLoader] Root WebApplicationContext: initialization started
2015-07-22 23:44:42,669 INFO  [XmlWebApplicationContext] Refreshing Root WebApplicationContext: startup date [Wed Jul 22 23:44:42 CST 2015]; parent: ApplicationContext 'polarisApplicationContext'
2015-07-22 23:44:42,685 INFO  [ContextLoader] Root WebApplicationContext: initialization completed in 25 ms
2015-07-22 23:44:42,715 INFO  [STDERR] 2015-07-22 23:44:42.715:INFO:/api:Thread-1: Initializing Spring FrameworkServlet 'org.springframework.web.servlet.DispatcherServlet-58faa93b'
2015-07-22 23:44:42,715 INFO  [DispatcherServlet] FrameworkServlet 'org.springframework.web.servlet.DispatcherServlet-58faa93b': initialization started
2015-07-22 23:44:42,719 INFO  [XmlWebApplicationContext] Refreshing WebApplicationContext for namespace 'org.springframework.web.servlet.DispatcherServlet-58faa93b-servlet': startup date [Wed Jul 22 23:44:42 CST 2015]; parent: Root WebApplicationContext
2015-07-22 23:44:42,736 INFO  [XmlBeanDefinitionReader] Loading XML bean definitions from file [F:\codes\Linkit\org.polaris.framework\org.polaris.framework.debug\target\classes\META-INF\servlet\debug-servlet.xml]
2015-07-22 23:44:42,933 INFO  [XmlBeanDefinitionReader] Loading XML bean definitions from file [F:\codes\Linkit\org.polaris.framework\org.polaris.framework.webapp\org.polaris.framework.webapp.extjs\target\classes\META-INF\servlet\extjs-servlet.xml]
2015-07-22 23:44:43,378 INFO  [RequestMappingHandlerMapping] Mapped "{[/menu/{id}],methods=[GET],params=[],headers=[],consumes=[],produces=[],custom=[]}" onto public org.polaris.framework.webapp.extjs.Node[] org.polaris.framework.debug.controller.MenuController.load(java.lang.String)
2015-07-22 23:44:43,380 INFO  [RequestMappingHandlerMapping] Mapped "{[/station],methods=[POST],params=[],headers=[],consumes=[],produces=[],custom=[]}" onto public org.polaris.framework.common.rest.FormResult org.polaris.framework.debug.controller.StationController.save(org.polaris.framework.debug.vo.Station)
2015-07-22 23:44:43,381 INFO  [RequestMappingHandlerMapping] Mapped "{[/station/grid],methods=[GET],params=[],headers=[],consumes=[],produces=[],custom=[]}" onto public org.polaris.framework.common.rest.PagingResult<org.polaris.framework.debug.vo.Station> org.polaris.framework.debug.controller.StationController.getStations(java.lang.Integer,java.lang.Integer)
2015-07-22 23:44:43,381 INFO  [RequestMappingHandlerMapping] Mapped "{[/station/{id}],methods=[GET],params=[],headers=[],consumes=[],produces=[],custom=[]}" onto public org.polaris.framework.common.rest.FormResult org.polaris.framework.debug.controller.StationController.getStation(java.lang.String)
2015-07-22 23:44:43,381 INFO  [RequestMappingHandlerMapping] Mapped "{[/station/grid],methods=[DELETE],params=[],headers=[],consumes=[],produces=[],custom=[]}" onto public org.polaris.framework.common.rest.FormResult org.polaris.framework.debug.controller.StationController.deleteStations(org.polaris.framework.debug.vo.Station[])
2015-07-22 23:44:43,381 INFO  [RequestMappingHandlerMapping] Mapped "{[/station/grid],methods=[PUT],params=[],headers=[],consumes=[],produces=[],custom=[]}" onto public org.polaris.framework.common.rest.FormResult org.polaris.framework.debug.controller.StationController.updateStations(org.polaris.framework.debug.vo.Station[])
2015-07-22 23:44:43,382 INFO  [RequestMappingHandlerMapping] Mapped "{[/station/grid],methods=[POST],params=[],headers=[],consumes=[],produces=[],custom=[]}" onto public org.polaris.framework.common.rest.FormResult org.polaris.framework.debug.controller.StationController.insertStations(org.polaris.framework.debug.vo.Station[])
2015-07-22 23:44:43,387 INFO  [RequestMappingHandlerMapping] Mapped "{[/extjs],methods=[GET],params=[],headers=[],consumes=[],produces=[],custom=[]}" onto public java.lang.Object org.polaris.framework.webapp.extjs.ExtjsController.test()
2015-07-22 23:44:44,117 INFO  [RequestMappingHandlerAdapter] Looking for @ControllerAdvice: WebApplicationContext for namespace 'org.springframework.web.servlet.DispatcherServlet-58faa93b-servlet': startup date [Wed Jul 22 23:44:42 CST 2015]; parent: Root WebApplicationContext
2015-07-22 23:44:44,200 INFO  [RequestMappingHandlerAdapter] Looking for @ControllerAdvice: WebApplicationContext for namespace 'org.springframework.web.servlet.DispatcherServlet-58faa93b-servlet': startup date [Wed Jul 22 23:44:42 CST 2015]; parent: Root WebApplicationContext
2015-07-22 23:44:44,401 INFO  [DispatcherServlet] FrameworkServlet 'org.springframework.web.servlet.DispatcherServlet-58faa93b': initialization completed in 1686 ms
2015-07-22 23:44:44,403 INFO  [STDERR] 2015-07-22 23:44:44.401:INFO:oejsh.ContextHandler:Thread-1: Started o.e.j.s.ServletContextHandler@48095596{/api,null,AVAILABLE}
2015-07-22 23:44:44,411 INFO  [STDERR] 2015-07-22 23:44:44.410:WARN:oejuc.AbstractLifeCycle:Thread-1: FAILED ServerConnector@2fae74ff{HTTP/1.1}{0.0.0.0:6001}: java.net.BindException: Address already in use: bind
java.net.BindException: Address already in use: bind
	at sun.nio.ch.Net.bind0(Native Method)
	at sun.nio.ch.Net.bind(Net.java:437)
	at sun.nio.ch.Net.bind(Net.java:429)
	at sun.nio.ch.ServerSocketChannelImpl.bind(ServerSocketChannelImpl.java:223)
	at sun.nio.ch.ServerSocketAdaptor.bind(ServerSocketAdaptor.java:74)
	at org.eclipse.jetty.server.ServerConnector.open(ServerConnector.java:321)
	at org.eclipse.jetty.server.AbstractNetworkConnector.doStart(AbstractNetworkConnector.java:80)
	at org.eclipse.jetty.server.ServerConnector.doStart(ServerConnector.java:236)
	at org.eclipse.jetty.util.component.AbstractLifeCycle.start(AbstractLifeCycle.java:68)
	at org.eclipse.jetty.server.Server.doStart(Server.java:366)
	at org.eclipse.jetty.util.component.AbstractLifeCycle.start(AbstractLifeCycle.java:68)
	at org.polaris.framework.common.server.MyServer$1.run(MyServer.java:40)
	at java.lang.Thread.run(Thread.java:745)
2015-07-22 23:44:44,412 INFO  [STDERR] 2015-07-22 23:44:44.411:WARN:oejuc.AbstractLifeCycle:Thread-1: FAILED org.polaris.framework.common.server.MyServer@291120f4: java.net.BindException: Address already in use: bind
java.net.BindException: Address already in use: bind
	at sun.nio.ch.Net.bind0(Native Method)
	at sun.nio.ch.Net.bind(Net.java:437)
	at sun.nio.ch.Net.bind(Net.java:429)
	at sun.nio.ch.ServerSocketChannelImpl.bind(ServerSocketChannelImpl.java:223)
	at sun.nio.ch.ServerSocketAdaptor.bind(ServerSocketAdaptor.java:74)
	at org.eclipse.jetty.server.ServerConnector.open(ServerConnector.java:321)
	at org.eclipse.jetty.server.AbstractNetworkConnector.doStart(AbstractNetworkConnector.java:80)
	at org.eclipse.jetty.server.ServerConnector.doStart(ServerConnector.java:236)
	at org.eclipse.jetty.util.component.AbstractLifeCycle.start(AbstractLifeCycle.java:68)
	at org.eclipse.jetty.server.Server.doStart(Server.java:366)
	at org.eclipse.jetty.util.component.AbstractLifeCycle.start(AbstractLifeCycle.java:68)
	at org.polaris.framework.common.server.MyServer$1.run(MyServer.java:40)
	at java.lang.Thread.run(Thread.java:745)
2015-07-22 23:44:44,413 ERROR [MyServer] Server start failed!
java.net.BindException: Address already in use: bind
	at sun.nio.ch.Net.bind0(Native Method)
	at sun.nio.ch.Net.bind(Net.java:437)
	at sun.nio.ch.Net.bind(Net.java:429)
	at sun.nio.ch.ServerSocketChannelImpl.bind(ServerSocketChannelImpl.java:223)
	at sun.nio.ch.ServerSocketAdaptor.bind(ServerSocketAdaptor.java:74)
	at org.eclipse.jetty.server.ServerConnector.open(ServerConnector.java:321)
	at org.eclipse.jetty.server.AbstractNetworkConnector.doStart(AbstractNetworkConnector.java:80)
	at org.eclipse.jetty.server.ServerConnector.doStart(ServerConnector.java:236)
	at org.eclipse.jetty.util.component.AbstractLifeCycle.start(AbstractLifeCycle.java:68)
	at org.eclipse.jetty.server.Server.doStart(Server.java:366)
	at org.eclipse.jetty.util.component.AbstractLifeCycle.start(AbstractLifeCycle.java:68)
	at org.polaris.framework.common.server.MyServer$1.run(MyServer.java:40)
	at java.lang.Thread.run(Thread.java:745)
2015-07-22 23:44:44,419 INFO  [STDERR] 2015-07-22 23:44:44.419:INFO:oejs.Server:Thread-14: jetty-9.2.10.v20150310
2015-07-22 23:44:44,423 INFO  [STDERR] 2015-07-22 23:44:44.423:WARN:oejuc.AbstractLifeCycle:Thread-14: FAILED ServerConnector@2fae74ff{HTTP/1.1}{0.0.0.0:6001}: java.net.BindException: Address already in use: bind
java.net.BindException: Address already in use: bind
	at sun.nio.ch.Net.bind0(Native Method)
	at sun.nio.ch.Net.bind(Net.java:437)
	at sun.nio.ch.Net.bind(Net.java:429)
	at sun.nio.ch.ServerSocketChannelImpl.bind(ServerSocketChannelImpl.java:223)
	at sun.nio.ch.ServerSocketAdaptor.bind(ServerSocketAdaptor.java:74)
	at org.eclipse.jetty.server.ServerConnector.open(ServerConnector.java:321)
	at org.eclipse.jetty.server.AbstractNetworkConnector.doStart(AbstractNetworkConnector.java:80)
	at org.eclipse.jetty.server.ServerConnector.doStart(ServerConnector.java:236)
	at org.eclipse.jetty.util.component.AbstractLifeCycle.start(AbstractLifeCycle.java:68)
	at org.eclipse.jetty.server.Server.doStart(Server.java:366)
	at org.eclipse.jetty.util.component.AbstractLifeCycle.start(AbstractLifeCycle.java:68)
	at org.polaris.framework.common.server.MyServer$1.run(MyServer.java:40)
	at java.lang.Thread.run(Thread.java:745)
2015-07-22 23:44:44,424 INFO  [STDERR] 2015-07-22 23:44:44.424:WARN:oejuc.AbstractLifeCycle:Thread-14: FAILED org.polaris.framework.common.server.MyServer@291120f4: java.net.BindException: Address already in use: bind
java.net.BindException: Address already in use: bind
	at sun.nio.ch.Net.bind0(Native Method)
	at sun.nio.ch.Net.bind(Net.java:437)
	at sun.nio.ch.Net.bind(Net.java:429)
	at sun.nio.ch.ServerSocketChannelImpl.bind(ServerSocketChannelImpl.java:223)
	at sun.nio.ch.ServerSocketAdaptor.bind(ServerSocketAdaptor.java:74)
	at org.eclipse.jetty.server.ServerConnector.open(ServerConnector.java:321)
	at org.eclipse.jetty.server.AbstractNetworkConnector.doStart(AbstractNetworkConnector.java:80)
	at org.eclipse.jetty.server.ServerConnector.doStart(ServerConnector.java:236)
	at org.eclipse.jetty.util.component.AbstractLifeCycle.start(AbstractLifeCycle.java:68)
	at org.eclipse.jetty.server.Server.doStart(Server.java:366)
	at org.eclipse.jetty.util.component.AbstractLifeCycle.start(AbstractLifeCycle.java:68)
	at org.polaris.framework.common.server.MyServer$1.run(MyServer.java:40)
	at java.lang.Thread.run(Thread.java:745)
2015-07-22 23:44:44,424 ERROR [MyServer] Server start failed!
java.net.BindException: Address already in use: bind
	at sun.nio.ch.Net.bind0(Native Method)
	at sun.nio.ch.Net.bind(Net.java:437)
	at sun.nio.ch.Net.bind(Net.java:429)
	at sun.nio.ch.ServerSocketChannelImpl.bind(ServerSocketChannelImpl.java:223)
	at sun.nio.ch.ServerSocketAdaptor.bind(ServerSocketAdaptor.java:74)
	at org.eclipse.jetty.server.ServerConnector.open(ServerConnector.java:321)
	at org.eclipse.jetty.server.AbstractNetworkConnector.doStart(AbstractNetworkConnector.java:80)
	at org.eclipse.jetty.server.ServerConnector.doStart(ServerConnector.java:236)
	at org.eclipse.jetty.util.component.AbstractLifeCycle.start(AbstractLifeCycle.java:68)
	at org.eclipse.jetty.server.Server.doStart(Server.java:366)
	at org.eclipse.jetty.util.component.AbstractLifeCycle.start(AbstractLifeCycle.java:68)
	at org.polaris.framework.common.server.MyServer$1.run(MyServer.java:40)
	at java.lang.Thread.run(Thread.java:745)
2015-07-22 23:44:44,425 INFO  [STDERR] 2015-07-22 23:44:44.425:INFO:oejs.Server:Thread-13: jetty-9.2.10.v20150310
2015-07-22 23:44:44,430 INFO  [STDERR] 2015-07-22 23:44:44.430:WARN:oejuc.AbstractLifeCycle:Thread-13: FAILED ServerConnector@2fae74ff{HTTP/1.1}{0.0.0.0:6001}: java.net.BindException: Address already in use: bind
java.net.BindException: Address already in use: bind
	at sun.nio.ch.Net.bind0(Native Method)
	at sun.nio.ch.Net.bind(Net.java:437)
	at sun.nio.ch.Net.bind(Net.java:429)
	at sun.nio.ch.ServerSocketChannelImpl.bind(ServerSocketChannelImpl.java:223)
	at sun.nio.ch.ServerSocketAdaptor.bind(ServerSocketAdaptor.java:74)
	at org.eclipse.jetty.server.ServerConnector.open(ServerConnector.java:321)
	at org.eclipse.jetty.server.AbstractNetworkConnector.doStart(AbstractNetworkConnector.java:80)
	at org.eclipse.jetty.server.ServerConnector.doStart(ServerConnector.java:236)
	at org.eclipse.jetty.util.component.AbstractLifeCycle.start(AbstractLifeCycle.java:68)
	at org.eclipse.jetty.server.Server.doStart(Server.java:366)
	at org.eclipse.jetty.util.component.AbstractLifeCycle.start(AbstractLifeCycle.java:68)
	at org.polaris.framework.common.server.MyServer$1.run(MyServer.java:40)
	at java.lang.Thread.run(Thread.java:745)
2015-07-22 23:44:44,431 INFO  [STDERR] 2015-07-22 23:44:44.431:WARN:oejuc.AbstractLifeCycle:Thread-13: FAILED org.polaris.framework.common.server.MyServer@291120f4: java.net.BindException: Address already in use: bind
java.net.BindException: Address already in use: bind
	at sun.nio.ch.Net.bind0(Native Method)
	at sun.nio.ch.Net.bind(Net.java:437)
	at sun.nio.ch.Net.bind(Net.java:429)
	at sun.nio.ch.ServerSocketChannelImpl.bind(ServerSocketChannelImpl.java:223)
	at sun.nio.ch.ServerSocketAdaptor.bind(ServerSocketAdaptor.java:74)
	at org.eclipse.jetty.server.ServerConnector.open(ServerConnector.java:321)
	at org.eclipse.jetty.server.AbstractNetworkConnector.doStart(AbstractNetworkConnector.java:80)
	at org.eclipse.jetty.server.ServerConnector.doStart(ServerConnector.java:236)
	at org.eclipse.jetty.util.component.AbstractLifeCycle.start(AbstractLifeCycle.java:68)
	at org.eclipse.jetty.server.Server.doStart(Server.java:366)
	at org.eclipse.jetty.util.component.AbstractLifeCycle.start(AbstractLifeCycle.java:68)
	at org.polaris.framework.common.server.MyServer$1.run(MyServer.java:40)
	at java.lang.Thread.run(Thread.java:745)
2015-07-22 23:44:44,431 ERROR [MyServer] Server start failed!
java.net.BindException: Address already in use: bind
	at sun.nio.ch.Net.bind0(Native Method)
	at sun.nio.ch.Net.bind(Net.java:437)
	at sun.nio.ch.Net.bind(Net.java:429)
	at sun.nio.ch.ServerSocketChannelImpl.bind(ServerSocketChannelImpl.java:223)
	at sun.nio.ch.ServerSocketAdaptor.bind(ServerSocketAdaptor.java:74)
	at org.eclipse.jetty.server.ServerConnector.open(ServerConnector.java:321)
	at org.eclipse.jetty.server.AbstractNetworkConnector.doStart(AbstractNetworkConnector.java:80)
	at org.eclipse.jetty.server.ServerConnector.doStart(ServerConnector.java:236)
	at org.eclipse.jetty.util.component.AbstractLifeCycle.start(AbstractLifeCycle.java:68)
	at org.eclipse.jetty.server.Server.doStart(Server.java:366)
	at org.eclipse.jetty.util.component.AbstractLifeCycle.start(AbstractLifeCycle.java:68)
	at org.polaris.framework.common.server.MyServer$1.run(MyServer.java:40)
	at java.lang.Thread.run(Thread.java:745)
