2015-07-14 18:06:47,741 INFO  [ClassPathXmlApplicationContext] Refreshing org.springframework.context.support.ClassPathXmlApplicationContext@3abfe836: startup date [Tue Jul 14 18:06:47 CST 2015]; root of context hierarchy
2015-07-14 18:06:47,809 INFO  [XmlBeanDefinitionReader] Loading XML bean definitions from URL [file:/F:/codes/Linkit/org.polaris.framework/org.polaris.framework.common/target/classes/beanRefContext.xml]
2015-07-14 18:06:48,068 INFO  [ClassPathXmlApplicationContext] Refreshing org.springframework.context.support.ClassPathXmlApplicationContext@1e7c7811: startup date [Tue Jul 14 18:06:48 CST 2015]; root of context hierarchy
2015-07-14 18:06:48,080 INFO  [XmlBeanDefinitionReader] Loading XML bean definitions from file [F:\codes\Linkit\org.polaris.framework\org.polaris.framework.debug\target\classes\META-INF\spring\debug.xml]
2015-07-14 18:06:48,251 INFO  [XmlBeanDefinitionReader] Loading XML bean definitions from file [F:\codes\Linkit\org.polaris.framework\org.polaris.framework.debug\target\classes\META-INF\spring\server.xml]
2015-07-14 18:06:48,276 INFO  [XmlBeanDefinitionReader] Loading XML bean definitions from file [F:\codes\Linkit\org.polaris.framework\org.polaris.framework.debug\target\classes\META-INF\spring\station.xml]
2015-07-14 18:06:48,321 INFO  [XmlBeanDefinitionReader] Loading XML bean definitions from file [F:\codes\Linkit\org.polaris.framework\org.polaris.framework.common\target\classes\META-INF\spring\common-applicationcontext.xml]
2015-07-14 18:06:48,377 INFO  [XmlBeanDefinitionReader] Loading XML bean definitions from file [F:\codes\Linkit\org.polaris.framework\org.polaris.framework.authorize\target\classes\META-INF\spring\authorize-applicationcontext.xml]
2015-07-14 18:06:48,408 INFO  [XmlBeanDefinitionReader] Loading XML bean definitions from file [F:\codes\Linkit\org.polaris.framework\org.polaris.framework.webapp\org.polaris.framework.webapp.extjs\target\classes\META-INF\spring\extjs-applicationcontext.xml]
2015-07-14 18:06:48,916 INFO  [Version] HCANN000001: Hibernate Commons Annotations {4.0.5.Final}
2015-07-14 18:06:48,924 INFO  [Version] HHH000412: Hibernate Core {4.3.8.Final}
2015-07-14 18:06:48,926 INFO  [Environment] HHH000206: hibernate.properties not found
2015-07-14 18:06:48,928 INFO  [Environment] HHH000021: Bytecode provider name : javassist
2015-07-14 18:06:51,280 WARN  [JdbcServicesImpl] HHH000342: Could not obtain connection to query metadata : Cannot create PoolableConnectionFactory (Communications link failure

The last packet sent successfully to the server was 0 milliseconds ago. The driver has not received any packets from the server.)
2015-07-14 18:06:51,292 INFO  [Dialect] HHH000400: Using dialect: org.hibernate.dialect.MySQL5Dialect
2015-07-14 18:06:51,304 INFO  [LobCreatorBuilder] HHH000422: Disabling contextual LOB creation as connection was null
2015-07-14 18:06:51,495 INFO  [TransactionFactoryInitiator] HHH000399: Using default transaction strategy (direct JDBC transactions)
2015-07-14 18:06:51,501 INFO  [ASTQueryTranslatorFactory] HHH000397: Using ASTQueryTranslatorFactory
2015-07-14 18:06:51,569 INFO  [Version] HV000001: Hibernate Validator 5.1.3.Final
2015-07-14 18:06:51,897 WARN  [UUIDHexGenerator] HHH000409: Using org.hibernate.id.UUIDHexGenerator which does not generate IETF RFC 4122 compliant UUID values; consider using org.hibernate.id.UUIDGenerator instead
2015-07-14 18:06:52,619 INFO  [SchemaUpdate] HHH000228: Running hbm2ddl schema update
2015-07-14 18:06:52,619 INFO  [SchemaUpdate] HHH000102: Fetching database metadata
2015-07-14 18:06:54,622 ERROR [SchemaUpdate] HHH000319: Could not get database metadata
org.apache.commons.dbcp.SQLNestedException: Cannot create PoolableConnectionFactory (Communications link failure

The last packet sent successfully to the server was 0 milliseconds ago. The driver has not received any packets from the server.)
	at org.apache.commons.dbcp.BasicDataSource.createPoolableConnectionFactory(BasicDataSource.java:1549)
	at org.apache.commons.dbcp.BasicDataSource.createDataSource(BasicDataSource.java:1388)
	at org.apache.commons.dbcp.BasicDataSource.getConnection(BasicDataSource.java:1044)
	at org.hibernate.engine.jdbc.connections.internal.DatasourceConnectionProviderImpl.getConnection(DatasourceConnectionProviderImpl.java:139)
	at org.hibernate.tool.hbm2ddl.SuppliedConnectionProviderConnectionHelper.prepare(SuppliedConnectionProviderConnectionHelper.java:51)
	at org.hibernate.tool.hbm2ddl.SchemaUpdate.execute(SchemaUpdate.java:219)
	at org.hibernate.tool.hbm2ddl.SchemaUpdate.execute(SchemaUpdate.java:203)
	at org.hibernate.internal.SessionFactoryImpl.<init>(SessionFactoryImpl.java:522)
	at org.hibernate.cfg.Configuration.buildSessionFactory(Configuration.java:1859)
	at org.hibernate.cfg.Configuration.buildSessionFactory(Configuration.java:1930)
	at org.springframework.orm.hibernate4.LocalSessionFactoryBuilder.buildSessionFactory(LocalSessionFactoryBuilder.java:372)
	at org.springframework.orm.hibernate4.LocalSessionFactoryBean.buildSessionFactory(LocalSessionFactoryBean.java:454)
	at org.springframework.orm.hibernate4.LocalSessionFactoryBean.afterPropertiesSet(LocalSessionFactoryBean.java:439)
	at org.springframework.beans.factory.support.AbstractAutowireCapableBeanFactory.invokeInitMethods(AbstractAutowireCapableBeanFactory.java:1625)
	at org.springframework.beans.factory.support.AbstractAutowireCapableBeanFactory.initializeBean(AbstractAutowireCapableBeanFactory.java:1562)
	at org.springframework.beans.factory.support.AbstractAutowireCapableBeanFactory.doCreateBean(AbstractAutowireCapableBeanFactory.java:539)
	at org.springframework.beans.factory.support.AbstractAutowireCapableBeanFactory.createBean(AbstractAutowireCapableBeanFactory.java:476)
	at org.springframework.beans.factory.support.AbstractBeanFactory$1.getObject(AbstractBeanFactory.java:303)
	at org.springframework.beans.factory.support.DefaultSingletonBeanRegistry.getSingleton(DefaultSingletonBeanRegistry.java:230)
	at org.springframework.beans.factory.support.AbstractBeanFactory.doGetBean(AbstractBeanFactory.java:299)
	at org.springframework.beans.factory.support.AbstractBeanFactory.getBean(AbstractBeanFactory.java:194)
	at org.springframework.beans.factory.support.BeanDefinitionValueResolver.resolveReference(BeanDefinitionValueResolver.java:351)
	at org.springframework.beans.factory.support.BeanDefinitionValueResolver.resolveValueIfNecessary(BeanDefinitionValueResolver.java:108)
	at org.springframework.beans.factory.support.AbstractAutowireCapableBeanFactory.applyPropertyValues(AbstractAutowireCapableBeanFactory.java:1469)
	at org.springframework.beans.factory.support.AbstractAutowireCapableBeanFactory.populateBean(AbstractAutowireCapableBeanFactory.java:1214)
	at org.springframework.beans.factory.support.AbstractAutowireCapableBeanFactory.doCreateBean(AbstractAutowireCapableBeanFactory.java:537)
	at org.springframework.beans.factory.support.AbstractAutowireCapableBeanFactory.createBean(AbstractAutowireCapableBeanFactory.java:476)
	at org.springframework.beans.factory.support.AbstractBeanFactory$1.getObject(AbstractBeanFactory.java:303)
	at org.springframework.beans.factory.support.DefaultSingletonBeanRegistry.getSingleton(DefaultSingletonBeanRegistry.java:230)
	at org.springframework.beans.factory.support.AbstractBeanFactory.doGetBean(AbstractBeanFactory.java:299)
	at org.springframework.beans.factory.support.AbstractBeanFactory.getBean(AbstractBeanFactory.java:199)
	at org.springframework.context.annotation.CommonAnnotationBeanPostProcessor.autowireResource(CommonAnnotationBeanPostProcessor.java:461)
	at org.springframework.context.annotation.CommonAnnotationBeanPostProcessor.getResource(CommonAnnotationBeanPostProcessor.java:435)
	at org.springframework.context.annotation.CommonAnnotationBeanPostProcessor$ResourceElement.getResourceToInject(CommonAnnotationBeanPostProcessor.java:559)
	at org.springframework.beans.factory.annotation.InjectionMetadata$InjectedElement.inject(InjectionMetadata.java:169)
	at org.springframework.beans.factory.annotation.InjectionMetadata.inject(InjectionMetadata.java:88)
	at org.springframework.context.annotation.CommonAnnotationBeanPostProcessor.postProcessPropertyValues(CommonAnnotationBeanPostProcessor.java:305)
	at org.springframework.beans.factory.support.AbstractAutowireCapableBeanFactory.populateBean(AbstractAutowireCapableBeanFactory.java:1202)
	at org.springframework.beans.factory.support.AbstractAutowireCapableBeanFactory.doCreateBean(AbstractAutowireCapableBeanFactory.java:537)
	at org.springframework.beans.factory.support.AbstractAutowireCapableBeanFactory.createBean(AbstractAutowireCapableBeanFactory.java:476)
	at org.springframework.beans.factory.support.AbstractBeanFactory$1.getObject(AbstractBeanFactory.java:303)
	at org.springframework.beans.factory.support.DefaultSingletonBeanRegistry.getSingleton(DefaultSingletonBeanRegistry.java:230)
	at org.springframework.beans.factory.support.AbstractBeanFactory.doGetBean(AbstractBeanFactory.java:299)
	at org.springframework.beans.factory.support.AbstractBeanFactory.getBean(AbstractBeanFactory.java:194)
	at org.springframework.beans.factory.support.DefaultListableBeanFactory.preInstantiateSingletons(DefaultListableBeanFactory.java:762)
	at org.springframework.context.support.AbstractApplicationContext.finishBeanFactoryInitialization(AbstractApplicationContext.java:757)
	at org.springframework.context.support.AbstractApplicationContext.refresh(AbstractApplicationContext.java:480)
	at org.springframework.context.support.ClassPathXmlApplicationContext.<init>(ClassPathXmlApplicationContext.java:139)
	at org.springframework.context.support.ClassPathXmlApplicationContext.<init>(ClassPathXmlApplicationContext.java:93)
	at sun.reflect.NativeConstructorAccessorImpl.newInstance0(Native Method)
	at sun.reflect.NativeConstructorAccessorImpl.newInstance(NativeConstructorAccessorImpl.java:62)
	at sun.reflect.DelegatingConstructorAccessorImpl.newInstance(DelegatingConstructorAccessorImpl.java:45)
	at java.lang.reflect.Constructor.newInstance(Constructor.java:422)
	at org.springframework.beans.BeanUtils.instantiateClass(BeanUtils.java:147)
	at org.springframework.beans.factory.support.SimpleInstantiationStrategy.instantiate(SimpleInstantiationStrategy.java:122)
	at org.springframework.beans.factory.support.ConstructorResolver.autowireConstructor(ConstructorResolver.java:267)
	at org.springframework.beans.factory.support.AbstractAutowireCapableBeanFactory.autowireConstructor(AbstractAutowireCapableBeanFactory.java:1131)
	at org.springframework.beans.factory.support.AbstractAutowireCapableBeanFactory.createBeanInstance(AbstractAutowireCapableBeanFactory.java:1034)
	at org.springframework.beans.factory.support.AbstractAutowireCapableBeanFactory.doCreateBean(AbstractAutowireCapableBeanFactory.java:504)
	at org.springframework.beans.factory.support.AbstractAutowireCapableBeanFactory.createBean(AbstractAutowireCapableBeanFactory.java:476)
	at org.springframework.beans.factory.support.AbstractBeanFactory$1.getObject(AbstractBeanFactory.java:303)
	at org.springframework.beans.factory.support.DefaultSingletonBeanRegistry.getSingleton(DefaultSingletonBeanRegistry.java:230)
	at org.springframework.beans.factory.support.AbstractBeanFactory.doGetBean(AbstractBeanFactory.java:299)
	at org.springframework.beans.factory.support.AbstractBeanFactory.getBean(AbstractBeanFactory.java:194)
	at org.springframework.beans.factory.support.DefaultListableBeanFactory.preInstantiateSingletons(DefaultListableBeanFactory.java:762)
	at org.springframework.context.support.AbstractApplicationContext.finishBeanFactoryInitialization(AbstractApplicationContext.java:757)
	at org.springframework.context.support.AbstractApplicationContext.refresh(AbstractApplicationContext.java:480)
	at org.springframework.context.access.ContextSingletonBeanFactoryLocator.initializeDefinition(ContextSingletonBeanFactoryLocator.java:143)
	at org.springframework.beans.factory.access.SingletonBeanFactoryLocator.useBeanFactory(SingletonBeanFactoryLocator.java:383)
	at org.polaris.framework.common.MainExecutor.execute(MainExecutor.java:21)
	at org.polaris.framework.debug.Main.main(Main.java:10)
Caused by: com.mysql.jdbc.exceptions.jdbc4.CommunicationsException: Communications link failure

The last packet sent successfully to the server was 0 milliseconds ago. The driver has not received any packets from the server.
	at sun.reflect.NativeConstructorAccessorImpl.newInstance0(Native Method)
	at sun.reflect.NativeConstructorAccessorImpl.newInstance(NativeConstructorAccessorImpl.java:62)
	at sun.reflect.DelegatingConstructorAccessorImpl.newInstance(DelegatingConstructorAccessorImpl.java:45)
	at java.lang.reflect.Constructor.newInstance(Constructor.java:422)
	at com.mysql.jdbc.Util.handleNewInstance(Util.java:389)
	at com.mysql.jdbc.SQLError.createCommunicationsException(SQLError.java:1038)
	at com.mysql.jdbc.MysqlIO.<init>(MysqlIO.java:338)
	at com.mysql.jdbc.ConnectionImpl.coreConnect(ConnectionImpl.java:2237)
	at com.mysql.jdbc.ConnectionImpl.connectOneTryOnly(ConnectionImpl.java:2270)
	at com.mysql.jdbc.ConnectionImpl.createNewIO(ConnectionImpl.java:2069)
	at com.mysql.jdbc.ConnectionImpl.<init>(ConnectionImpl.java:794)
	at com.mysql.jdbc.JDBC4Connection.<init>(JDBC4Connection.java:44)
	at sun.reflect.NativeConstructorAccessorImpl.newInstance0(Native Method)
	at sun.reflect.NativeConstructorAccessorImpl.newInstance(NativeConstructorAccessorImpl.java:62)
	at sun.reflect.DelegatingConstructorAccessorImpl.newInstance(DelegatingConstructorAccessorImpl.java:45)
	at java.lang.reflect.Constructor.newInstance(Constructor.java:422)
	at com.mysql.jdbc.Util.handleNewInstance(Util.java:389)
	at com.mysql.jdbc.ConnectionImpl.getInstance(ConnectionImpl.java:399)
	at com.mysql.jdbc.NonRegisteringDriver.connect(NonRegisteringDriver.java:325)
	at org.apache.commons.dbcp.DriverConnectionFactory.createConnection(DriverConnectionFactory.java:38)
	at org.apache.commons.dbcp.PoolableConnectionFactory.makeObject(PoolableConnectionFactory.java:582)
	at org.apache.commons.dbcp.BasicDataSource.validateConnectionFactory(BasicDataSource.java:1556)
	at org.apache.commons.dbcp.BasicDataSource.createPoolableConnectionFactory(BasicDataSource.java:1545)
	... 70 more
Caused by: java.net.ConnectException: Connection refused: connect
	at java.net.DualStackPlainSocketImpl.connect0(Native Method)
	at java.net.DualStackPlainSocketImpl.socketConnect(DualStackPlainSocketImpl.java:79)
	at java.net.AbstractPlainSocketImpl.doConnect(AbstractPlainSocketImpl.java:345)
	at java.net.AbstractPlainSocketImpl.connectToAddress(AbstractPlainSocketImpl.java:206)
	at java.net.AbstractPlainSocketImpl.connect(AbstractPlainSocketImpl.java:188)
	at java.net.PlainSocketImpl.connect(PlainSocketImpl.java:172)
	at java.net.SocksSocketImpl.connect(SocksSocketImpl.java:392)
	at java.net.Socket.connect(Socket.java:589)
	at com.mysql.jdbc.StandardSocketFactory.connect(StandardSocketFactory.java:213)
	at com.mysql.jdbc.MysqlIO.<init>(MysqlIO.java:297)
	... 86 more
2015-07-14 18:06:54,636 ERROR [SchemaUpdate] HHH000299: Could not complete schema update
org.apache.commons.dbcp.SQLNestedException: Cannot create PoolableConnectionFactory (Communications link failure

The last packet sent successfully to the server was 0 milliseconds ago. The driver has not received any packets from the server.)
	at org.apache.commons.dbcp.BasicDataSource.createPoolableConnectionFactory(BasicDataSource.java:1549)
	at org.apache.commons.dbcp.BasicDataSource.createDataSource(BasicDataSource.java:1388)
	at org.apache.commons.dbcp.BasicDataSource.getConnection(BasicDataSource.java:1044)
	at org.hibernate.engine.jdbc.connections.internal.DatasourceConnectionProviderImpl.getConnection(DatasourceConnectionProviderImpl.java:139)
	at org.hibernate.tool.hbm2ddl.SuppliedConnectionProviderConnectionHelper.prepare(SuppliedConnectionProviderConnectionHelper.java:51)
	at org.hibernate.tool.hbm2ddl.SchemaUpdate.execute(SchemaUpdate.java:219)
	at org.hibernate.tool.hbm2ddl.SchemaUpdate.execute(SchemaUpdate.java:203)
	at org.hibernate.internal.SessionFactoryImpl.<init>(SessionFactoryImpl.java:522)
	at org.hibernate.cfg.Configuration.buildSessionFactory(Configuration.java:1859)
	at org.hibernate.cfg.Configuration.buildSessionFactory(Configuration.java:1930)
	at org.springframework.orm.hibernate4.LocalSessionFactoryBuilder.buildSessionFactory(LocalSessionFactoryBuilder.java:372)
	at org.springframework.orm.hibernate4.LocalSessionFactoryBean.buildSessionFactory(LocalSessionFactoryBean.java:454)
	at org.springframework.orm.hibernate4.LocalSessionFactoryBean.afterPropertiesSet(LocalSessionFactoryBean.java:439)
	at org.springframework.beans.factory.support.AbstractAutowireCapableBeanFactory.invokeInitMethods(AbstractAutowireCapableBeanFactory.java:1625)
	at org.springframework.beans.factory.support.AbstractAutowireCapableBeanFactory.initializeBean(AbstractAutowireCapableBeanFactory.java:1562)
	at org.springframework.beans.factory.support.AbstractAutowireCapableBeanFactory.doCreateBean(AbstractAutowireCapableBeanFactory.java:539)
	at org.springframework.beans.factory.support.AbstractAutowireCapableBeanFactory.createBean(AbstractAutowireCapableBeanFactory.java:476)
	at org.springframework.beans.factory.support.AbstractBeanFactory$1.getObject(AbstractBeanFactory.java:303)
	at org.springframework.beans.factory.support.DefaultSingletonBeanRegistry.getSingleton(DefaultSingletonBeanRegistry.java:230)
	at org.springframework.beans.factory.support.AbstractBeanFactory.doGetBean(AbstractBeanFactory.java:299)
	at org.springframework.beans.factory.support.AbstractBeanFactory.getBean(AbstractBeanFactory.java:194)
	at org.springframework.beans.factory.support.BeanDefinitionValueResolver.resolveReference(BeanDefinitionValueResolver.java:351)
	at org.springframework.beans.factory.support.BeanDefinitionValueResolver.resolveValueIfNecessary(BeanDefinitionValueResolver.java:108)
	at org.springframework.beans.factory.support.AbstractAutowireCapableBeanFactory.applyPropertyValues(AbstractAutowireCapableBeanFactory.java:1469)
	at org.springframework.beans.factory.support.AbstractAutowireCapableBeanFactory.populateBean(AbstractAutowireCapableBeanFactory.java:1214)
	at org.springframework.beans.factory.support.AbstractAutowireCapableBeanFactory.doCreateBean(AbstractAutowireCapableBeanFactory.java:537)
	at org.springframework.beans.factory.support.AbstractAutowireCapableBeanFactory.createBean(AbstractAutowireCapableBeanFactory.java:476)
	at org.springframework.beans.factory.support.AbstractBeanFactory$1.getObject(AbstractBeanFactory.java:303)
	at org.springframework.beans.factory.support.DefaultSingletonBeanRegistry.getSingleton(DefaultSingletonBeanRegistry.java:230)
	at org.springframework.beans.factory.support.AbstractBeanFactory.doGetBean(AbstractBeanFactory.java:299)
	at org.springframework.beans.factory.support.AbstractBeanFactory.getBean(AbstractBeanFactory.java:199)
	at org.springframework.context.annotation.CommonAnnotationBeanPostProcessor.autowireResource(CommonAnnotationBeanPostProcessor.java:461)
	at org.springframework.context.annotation.CommonAnnotationBeanPostProcessor.getResource(CommonAnnotationBeanPostProcessor.java:435)
	at org.springframework.context.annotation.CommonAnnotationBeanPostProcessor$ResourceElement.getResourceToInject(CommonAnnotationBeanPostProcessor.java:559)
	at org.springframework.beans.factory.annotation.InjectionMetadata$InjectedElement.inject(InjectionMetadata.java:169)
	at org.springframework.beans.factory.annotation.InjectionMetadata.inject(InjectionMetadata.java:88)
	at org.springframework.context.annotation.CommonAnnotationBeanPostProcessor.postProcessPropertyValues(CommonAnnotationBeanPostProcessor.java:305)
	at org.springframework.beans.factory.support.AbstractAutowireCapableBeanFactory.populateBean(AbstractAutowireCapableBeanFactory.java:1202)
	at org.springframework.beans.factory.support.AbstractAutowireCapableBeanFactory.doCreateBean(AbstractAutowireCapableBeanFactory.java:537)
	at org.springframework.beans.factory.support.AbstractAutowireCapableBeanFactory.createBean(AbstractAutowireCapableBeanFactory.java:476)
	at org.springframework.beans.factory.support.AbstractBeanFactory$1.getObject(AbstractBeanFactory.java:303)
	at org.springframework.beans.factory.support.DefaultSingletonBeanRegistry.getSingleton(DefaultSingletonBeanRegistry.java:230)
	at org.springframework.beans.factory.support.AbstractBeanFactory.doGetBean(AbstractBeanFactory.java:299)
	at org.springframework.beans.factory.support.AbstractBeanFactory.getBean(AbstractBeanFactory.java:194)
	at org.springframework.beans.factory.support.DefaultListableBeanFactory.preInstantiateSingletons(DefaultListableBeanFactory.java:762)
	at org.springframework.context.support.AbstractApplicationContext.finishBeanFactoryInitialization(AbstractApplicationContext.java:757)
	at org.springframework.context.support.AbstractApplicationContext.refresh(AbstractApplicationContext.java:480)
	at org.springframework.context.support.ClassPathXmlApplicationContext.<init>(ClassPathXmlApplicationContext.java:139)
	at org.springframework.context.support.ClassPathXmlApplicationContext.<init>(ClassPathXmlApplicationContext.java:93)
	at sun.reflect.NativeConstructorAccessorImpl.newInstance0(Native Method)
	at sun.reflect.NativeConstructorAccessorImpl.newInstance(NativeConstructorAccessorImpl.java:62)
	at sun.reflect.DelegatingConstructorAccessorImpl.newInstance(DelegatingConstructorAccessorImpl.java:45)
	at java.lang.reflect.Constructor.newInstance(Constructor.java:422)
	at org.springframework.beans.BeanUtils.instantiateClass(BeanUtils.java:147)
	at org.springframework.beans.factory.support.SimpleInstantiationStrategy.instantiate(SimpleInstantiationStrategy.java:122)
	at org.springframework.beans.factory.support.ConstructorResolver.autowireConstructor(ConstructorResolver.java:267)
	at org.springframework.beans.factory.support.AbstractAutowireCapableBeanFactory.autowireConstructor(AbstractAutowireCapableBeanFactory.java:1131)
	at org.springframework.beans.factory.support.AbstractAutowireCapableBeanFactory.createBeanInstance(AbstractAutowireCapableBeanFactory.java:1034)
	at org.springframework.beans.factory.support.AbstractAutowireCapableBeanFactory.doCreateBean(AbstractAutowireCapableBeanFactory.java:504)
	at org.springframework.beans.factory.support.AbstractAutowireCapableBeanFactory.createBean(AbstractAutowireCapableBeanFactory.java:476)
	at org.springframework.beans.factory.support.AbstractBeanFactory$1.getObject(AbstractBeanFactory.java:303)
	at org.springframework.beans.factory.support.DefaultSingletonBeanRegistry.getSingleton(DefaultSingletonBeanRegistry.java:230)
	at org.springframework.beans.factory.support.AbstractBeanFactory.doGetBean(AbstractBeanFactory.java:299)
	at org.springframework.beans.factory.support.AbstractBeanFactory.getBean(AbstractBeanFactory.java:194)
	at org.springframework.beans.factory.support.DefaultListableBeanFactory.preInstantiateSingletons(DefaultListableBeanFactory.java:762)
	at org.springframework.context.support.AbstractApplicationContext.finishBeanFactoryInitialization(AbstractApplicationContext.java:757)
	at org.springframework.context.support.AbstractApplicationContext.refresh(AbstractApplicationContext.java:480)
	at org.springframework.context.access.ContextSingletonBeanFactoryLocator.initializeDefinition(ContextSingletonBeanFactoryLocator.java:143)
	at org.springframework.beans.factory.access.SingletonBeanFactoryLocator.useBeanFactory(SingletonBeanFactoryLocator.java:383)
	at org.polaris.framework.common.MainExecutor.execute(MainExecutor.java:21)
	at org.polaris.framework.debug.Main.main(Main.java:10)
Caused by: com.mysql.jdbc.exceptions.jdbc4.CommunicationsException: Communications link failure

The last packet sent successfully to the server was 0 milliseconds ago. The driver has not received any packets from the server.
	at sun.reflect.NativeConstructorAccessorImpl.newInstance0(Native Method)
	at sun.reflect.NativeConstructorAccessorImpl.newInstance(NativeConstructorAccessorImpl.java:62)
	at sun.reflect.DelegatingConstructorAccessorImpl.newInstance(DelegatingConstructorAccessorImpl.java:45)
	at java.lang.reflect.Constructor.newInstance(Constructor.java:422)
	at com.mysql.jdbc.Util.handleNewInstance(Util.java:389)
	at com.mysql.jdbc.SQLError.createCommunicationsException(SQLError.java:1038)
	at com.mysql.jdbc.MysqlIO.<init>(MysqlIO.java:338)
	at com.mysql.jdbc.ConnectionImpl.coreConnect(ConnectionImpl.java:2237)
	at com.mysql.jdbc.ConnectionImpl.connectOneTryOnly(ConnectionImpl.java:2270)
	at com.mysql.jdbc.ConnectionImpl.createNewIO(ConnectionImpl.java:2069)
	at com.mysql.jdbc.ConnectionImpl.<init>(ConnectionImpl.java:794)
	at com.mysql.jdbc.JDBC4Connection.<init>(JDBC4Connection.java:44)
	at sun.reflect.NativeConstructorAccessorImpl.newInstance0(Native Method)
	at sun.reflect.NativeConstructorAccessorImpl.newInstance(NativeConstructorAccessorImpl.java:62)
	at sun.reflect.DelegatingConstructorAccessorImpl.newInstance(DelegatingConstructorAccessorImpl.java:45)
	at java.lang.reflect.Constructor.newInstance(Constructor.java:422)
	at com.mysql.jdbc.Util.handleNewInstance(Util.java:389)
	at com.mysql.jdbc.ConnectionImpl.getInstance(ConnectionImpl.java:399)
	at com.mysql.jdbc.NonRegisteringDriver.connect(NonRegisteringDriver.java:325)
	at org.apache.commons.dbcp.DriverConnectionFactory.createConnection(DriverConnectionFactory.java:38)
	at org.apache.commons.dbcp.PoolableConnectionFactory.makeObject(PoolableConnectionFactory.java:582)
	at org.apache.commons.dbcp.BasicDataSource.validateConnectionFactory(BasicDataSource.java:1556)
	at org.apache.commons.dbcp.BasicDataSource.createPoolableConnectionFactory(BasicDataSource.java:1545)
	... 70 more
Caused by: java.net.ConnectException: Connection refused: connect
	at java.net.DualStackPlainSocketImpl.connect0(Native Method)
	at java.net.DualStackPlainSocketImpl.socketConnect(DualStackPlainSocketImpl.java:79)
	at java.net.AbstractPlainSocketImpl.doConnect(AbstractPlainSocketImpl.java:345)
	at java.net.AbstractPlainSocketImpl.connectToAddress(AbstractPlainSocketImpl.java:206)
	at java.net.AbstractPlainSocketImpl.connect(AbstractPlainSocketImpl.java:188)
	at java.net.PlainSocketImpl.connect(PlainSocketImpl.java:172)
	at java.net.SocksSocketImpl.connect(SocksSocketImpl.java:392)
	at java.net.Socket.connect(Socket.java:589)
	at com.mysql.jdbc.StandardSocketFactory.connect(StandardSocketFactory.java:213)
	at com.mysql.jdbc.MysqlIO.<init>(MysqlIO.java:297)
	... 86 more
2015-07-14 18:06:54,863 INFO  [STDERR] 2015-07-14 18:06:54.862:INFO::main: Logging initialized @7707ms
2015-07-14 18:06:55,053 INFO  [HandlerCollectionFactory] add ServletContextHandler: class org.eclipse.jetty.servlet.ServletContextHandler
2015-07-14 18:06:55,082 INFO  [HandlerCollectionFactory] add ResourceHandler: class org.eclipse.jetty.server.handler.ResourceHandler
2015-07-14 18:06:55,083 INFO  [HandlerCollectionFactory] add ResourceHandler: class org.eclipse.jetty.server.handler.ResourceHandler
2015-07-14 18:06:55,115 INFO  [HibernateTransactionManager] Using DataSource [org.apache.commons.dbcp.BasicDataSource@388526fb] of Hibernate SessionFactory for HibernateTransactionManager
2015-07-14 18:06:55,124 INFO  [ConsoleService] loading Console service...
2015-07-14 18:06:55,154 INFO  [ConsoleService] 
2015-07-14 18:06:55,154 INFO  [ConsoleService] Console service loaded successful!
2015-07-14 18:06:55,186 INFO  [STDERR] 2015-07-14 18:06:55.185:INFO:oejs.Server:Thread-1: jetty-9.2.10.v20150310
2015-07-14 18:06:55,213 INFO  [STDERR] 2015-07-14 18:06:55.213:INFO:/api:Thread-1: Initializing Spring root WebApplicationContext
2015-07-14 18:06:55,213 INFO  [ContextLoader] Root WebApplicationContext: initialization started
2015-07-14 18:06:55,221 INFO  [XmlWebApplicationContext] Refreshing Root WebApplicationContext: startup date [Tue Jul 14 18:06:55 CST 2015]; parent: ApplicationContext 'polarisApplicationContext'
2015-07-14 18:06:55,233 INFO  [ContextLoader] Root WebApplicationContext: initialization completed in 19 ms
2015-07-14 18:06:55,255 INFO  [STDERR] 2015-07-14 18:06:55.255:INFO:/api:Thread-1: Initializing Spring FrameworkServlet 'org.springframework.web.servlet.DispatcherServlet-22df874e'
2015-07-14 18:06:55,255 INFO  [DispatcherServlet] FrameworkServlet 'org.springframework.web.servlet.DispatcherServlet-22df874e': initialization started
2015-07-14 18:06:55,257 INFO  [XmlWebApplicationContext] Refreshing WebApplicationContext for namespace 'org.springframework.web.servlet.DispatcherServlet-22df874e-servlet': startup date [Tue Jul 14 18:06:55 CST 2015]; parent: Root WebApplicationContext
2015-07-14 18:06:55,259 INFO  [XmlBeanDefinitionReader] Loading XML bean definitions from file [F:\codes\Linkit\org.polaris.framework\org.polaris.framework.debug\target\classes\META-INF\servlet\debug-servlet.xml]
2015-07-14 18:06:55,361 INFO  [XmlBeanDefinitionReader] Loading XML bean definitions from file [F:\codes\Linkit\org.polaris.framework\org.polaris.framework.webapp\org.polaris.framework.webapp.extjs\target\classes\META-INF\servlet\extjs-servlet.xml]
2015-07-14 18:06:55,614 INFO  [RequestMappingHandlerMapping] Mapped "{[/menu/{id}],methods=[GET],params=[],headers=[],consumes=[],produces=[],custom=[]}" onto public org.polaris.framework.webapp.extjs.Node[] org.polaris.framework.debug.controller.MenuController.load(java.lang.String)
2015-07-14 18:06:55,616 INFO  [RequestMappingHandlerMapping] Mapped "{[/station],methods=[POST],params=[],headers=[],consumes=[],produces=[],custom=[]}" onto public org.polaris.framework.common.rest.FormResult org.polaris.framework.debug.controller.StationController.save(org.polaris.framework.debug.vo.Station)
2015-07-14 18:06:55,617 INFO  [RequestMappingHandlerMapping] Mapped "{[/station/grid],methods=[DELETE],params=[],headers=[],consumes=[],produces=[],custom=[]}" onto public org.polaris.framework.common.rest.FormResult org.polaris.framework.debug.controller.StationController.deleteStations(org.polaris.framework.debug.vo.Station[])
2015-07-14 18:06:55,617 INFO  [RequestMappingHandlerMapping] Mapped "{[/station/grid],methods=[PUT],params=[],headers=[],consumes=[],produces=[],custom=[]}" onto public org.polaris.framework.common.rest.FormResult org.polaris.framework.debug.controller.StationController.updateStations(org.polaris.framework.debug.vo.Station[])
2015-07-14 18:06:55,617 INFO  [RequestMappingHandlerMapping] Mapped "{[/station/grid],methods=[GET],params=[],headers=[],consumes=[],produces=[],custom=[]}" onto public org.polaris.framework.common.rest.PagingResult<org.polaris.framework.debug.vo.Station> org.polaris.framework.debug.controller.StationController.getStations(java.lang.Integer,java.lang.Integer)
2015-07-14 18:06:55,618 INFO  [RequestMappingHandlerMapping] Mapped "{[/station/{id}],methods=[GET],params=[],headers=[],consumes=[],produces=[],custom=[]}" onto public org.polaris.framework.common.rest.FormResult org.polaris.framework.debug.controller.StationController.getStation(java.lang.String)
2015-07-14 18:06:55,618 INFO  [RequestMappingHandlerMapping] Mapped "{[/station/grid],methods=[POST],params=[],headers=[],consumes=[],produces=[],custom=[]}" onto public org.polaris.framework.common.rest.FormResult org.polaris.framework.debug.controller.StationController.insertStations(org.polaris.framework.debug.vo.Station[])
2015-07-14 18:06:55,620 INFO  [RequestMappingHandlerMapping] Mapped "{[/extjs],methods=[GET],params=[],headers=[],consumes=[],produces=[],custom=[]}" onto public java.lang.Object org.polaris.framework.webapp.extjs.ExtjsController.test()
2015-07-14 18:06:55,997 INFO  [RequestMappingHandlerAdapter] Looking for @ControllerAdvice: WebApplicationContext for namespace 'org.springframework.web.servlet.DispatcherServlet-22df874e-servlet': startup date [Tue Jul 14 18:06:55 CST 2015]; parent: Root WebApplicationContext
2015-07-14 18:06:56,051 INFO  [RequestMappingHandlerAdapter] Looking for @ControllerAdvice: WebApplicationContext for namespace 'org.springframework.web.servlet.DispatcherServlet-22df874e-servlet': startup date [Tue Jul 14 18:06:55 CST 2015]; parent: Root WebApplicationContext
2015-07-14 18:06:56,198 INFO  [DispatcherServlet] FrameworkServlet 'org.springframework.web.servlet.DispatcherServlet-22df874e': initialization completed in 943 ms
2015-07-14 18:06:56,199 INFO  [STDERR] 2015-07-14 18:06:56.199:INFO:oejsh.ContextHandler:Thread-1: Started o.e.j.s.ServletContextHandler@6390038e{/api,null,AVAILABLE}
2015-07-14 18:06:56,228 INFO  [STDERR] 2015-07-14 18:06:56.228:INFO:oejs.ServerConnector:Thread-1: Started ServerConnector@3ba610df{HTTP/1.1}{0.0.0.0:6001}
2015-07-14 18:06:56,228 INFO  [STDERR] 2015-07-14 18:06:56.228:INFO:oejs.Server:Thread-1: Started @9072ms
