2015-08-12 10:59:13,035 INFO  [ClassPathXmlApplicationContext] Refreshing org.springframework.context.support.ClassPathXmlApplicationContext@19e1023e: startup date [Wed Aug 12 10:59:13 CST 2015]; root of context hierarchy
2015-08-12 10:59:13,113 INFO  [XmlBeanDefinitionReader] Loading XML bean definitions from URL [file:/F:/codes/Linkit/org.polaris.framework/org.polaris.framework.common/target/classes/beanRefContext.xml]
2015-08-12 10:59:13,410 INFO  [ClassPathXmlApplicationContext] Refreshing org.springframework.context.support.ClassPathXmlApplicationContext@612679d6: startup date [Wed Aug 12 10:59:13 CST 2015]; root of context hierarchy
2015-08-12 10:59:13,425 INFO  [XmlBeanDefinitionReader] Loading XML bean definitions from file [F:\codes\Linkit\org.polaris.framework\org.polaris.framework.debug\target\classes\META-INF\spring\debug.xml]
2015-08-12 10:59:13,612 INFO  [XmlBeanDefinitionReader] Loading XML bean definitions from file [F:\codes\Linkit\org.polaris.framework\org.polaris.framework.debug\target\classes\META-INF\spring\server.xml]
2015-08-12 10:59:13,643 INFO  [XmlBeanDefinitionReader] Loading XML bean definitions from file [F:\codes\Linkit\org.polaris.framework\org.polaris.framework.debug\target\classes\META-INF\spring\station.xml]
2015-08-12 10:59:13,706 INFO  [XmlBeanDefinitionReader] Loading XML bean definitions from file [F:\codes\Linkit\org.polaris.framework\org.polaris.framework.common\target\classes\META-INF\spring\common-applicationcontext.xml]
2015-08-12 10:59:13,768 INFO  [XmlBeanDefinitionReader] Loading XML bean definitions from file [F:\codes\Linkit\org.polaris.framework\org.polaris.framework.authorize\target\classes\META-INF\spring\authorize-applicationcontext.xml]
2015-08-12 10:59:13,799 INFO  [XmlBeanDefinitionReader] Loading XML bean definitions from URL [jar:file:/C:/Users/Admin/.m2/repository/org/polaris/framework/org.polaris.framework.report/1.0/org.polaris.framework.report-1.0.jar!/META-INF/spring/report-applicationcontext.xml]
2015-08-12 10:59:13,846 INFO  [XmlBeanDefinitionReader] Loading XML bean definitions from file [F:\codes\Linkit\org.polaris.framework\org.polaris.framework.webapp\org.polaris.framework.webapp.extjs\target\classes\META-INF\spring\extjs-applicationcontext.xml]
2015-08-12 10:59:14,455 INFO  [Version] HCANN000001: Hibernate Commons Annotations {4.0.5.Final}
2015-08-12 10:59:14,470 INFO  [Version] HHH000412: Hibernate Core {4.3.8.Final}
2015-08-12 10:59:14,470 INFO  [Environment] HHH000206: hibernate.properties not found
2015-08-12 10:59:14,470 INFO  [Environment] HHH000021: Bytecode provider name : javassist
2015-08-12 10:59:15,079 INFO  [Dialect] HHH000400: Using dialect: org.hibernate.dialect.MySQL5Dialect
2015-08-12 10:59:15,266 INFO  [TransactionFactoryInitiator] HHH000399: Using default transaction strategy (direct JDBC transactions)
2015-08-12 10:59:15,282 INFO  [ASTQueryTranslatorFactory] HHH000397: Using ASTQueryTranslatorFactory
2015-08-12 10:59:15,329 INFO  [Version] HV000001: Hibernate Validator 5.1.3.Final
2015-08-12 10:59:15,643 WARN  [UUIDHexGenerator] HHH000409: Using org.hibernate.id.UUIDHexGenerator which does not generate IETF RFC 4122 compliant UUID values; consider using org.hibernate.id.UUIDGenerator instead
2015-08-12 10:59:16,486 INFO  [SchemaUpdate] HHH000228: Running hbm2ddl schema update
2015-08-12 10:59:16,486 INFO  [SchemaUpdate] HHH000102: Fetching database metadata
2015-08-12 10:59:16,502 INFO  [SchemaUpdate] HHH000396: Updating schema
2015-08-12 10:59:16,517 INFO  [TableMetadata] HHH000261: Table found: test.station
2015-08-12 10:59:16,517 INFO  [TableMetadata] HHH000037: Columns: [mnc, lng, ci, id, mcc, lat, info, lac]
2015-08-12 10:59:16,517 INFO  [TableMetadata] HHH000108: Foreign keys: []
2015-08-12 10:59:16,517 INFO  [TableMetadata] HHH000126: Indexes: [primary]
2015-08-12 10:59:16,517 INFO  [SchemaUpdate] HHH000232: Schema update complete
2015-08-12 10:59:16,704 INFO  [STDERR] 2015-08-12 10:59:16.704:INFO::main: Logging initialized @4331ms
2015-08-12 10:59:16,877 INFO  [HandlerCollectionFactory] add ServletContextHandler: class org.eclipse.jetty.servlet.ServletContextHandler
2015-08-12 10:59:16,908 INFO  [HandlerCollectionFactory] add ResourceHandler: class org.eclipse.jetty.server.handler.ResourceHandler
2015-08-12 10:59:16,908 INFO  [HandlerCollectionFactory] add ResourceHandler: class org.eclipse.jetty.server.handler.ResourceHandler
2015-08-12 10:59:16,924 INFO  [HibernateTransactionManager] Using DataSource [org.apache.commons.dbcp.BasicDataSource@5ccbeb64] of Hibernate SessionFactory for HibernateTransactionManager
2015-08-12 10:59:17,158 INFO  [STDERR] 2015-08-12 10:59:17.158:INFO:oejs.Server:Thread-1: jetty-9.2.10.v20150310
2015-08-12 10:59:17,173 INFO  [STDERR] 2015-08-12 10:59:17.173:INFO:/api:Thread-1: Initializing Spring root WebApplicationContext
2015-08-12 10:59:17,173 INFO  [ContextLoader] Root WebApplicationContext: initialization started
2015-08-12 10:59:17,189 INFO  [XmlWebApplicationContext] Refreshing Root WebApplicationContext: startup date [Wed Aug 12 10:59:17 CST 2015]; parent: ApplicationContext 'polarisApplicationContext'
2015-08-12 10:59:17,205 INFO  [ContextLoader] Root WebApplicationContext: initialization completed in 32 ms
2015-08-12 10:59:17,236 INFO  [STDERR] 2015-08-12 10:59:17.236:INFO:/api:Thread-1: Initializing Spring FrameworkServlet 'org.springframework.web.servlet.DispatcherServlet-5c089b2f'
2015-08-12 10:59:17,236 INFO  [DispatcherServlet] FrameworkServlet 'org.springframework.web.servlet.DispatcherServlet-5c089b2f': initialization started
2015-08-12 10:59:17,236 INFO  [XmlWebApplicationContext] Refreshing WebApplicationContext for namespace 'org.springframework.web.servlet.DispatcherServlet-5c089b2f-servlet': startup date [Wed Aug 12 10:59:17 CST 2015]; parent: Root WebApplicationContext
2015-08-12 10:59:17,236 INFO  [XmlBeanDefinitionReader] Loading XML bean definitions from file [F:\codes\Linkit\org.polaris.framework\org.polaris.framework.debug\target\classes\META-INF\servlet\debug-servlet.xml]
2015-08-12 10:59:17,392 INFO  [XmlBeanDefinitionReader] Loading XML bean definitions from file [F:\codes\Linkit\org.polaris.framework\org.polaris.framework.webapp\org.polaris.framework.webapp.extjs\target\classes\META-INF\servlet\extjs-servlet.xml]
2015-08-12 10:59:17,797 INFO  [RequestMappingHandlerMapping] Mapped "{[/menu/{id}],methods=[GET],params=[],headers=[],consumes=[],produces=[],custom=[]}" onto public org.polaris.framework.webapp.extjs.Node[] org.polaris.framework.debug.controller.MenuController.load(java.lang.String)
2015-08-12 10:59:17,813 INFO  [RequestMappingHandlerMapping] Mapped "{[/station],methods=[POST],params=[],headers=[],consumes=[],produces=[],custom=[]}" onto public org.polaris.framework.common.rest.FormResult org.polaris.framework.debug.controller.StationController.save(org.polaris.framework.debug.vo.Station)
2015-08-12 10:59:17,813 INFO  [RequestMappingHandlerMapping] Mapped "{[/station/report],methods=[GET],params=[],headers=[],consumes=[],produces=[],custom=[]}" onto public void org.polaris.framework.debug.controller.StationController.report(javax.servlet.http.HttpServletResponse)
2015-08-12 10:59:17,813 INFO  [RequestMappingHandlerMapping] Mapped "{[/station/grid],methods=[GET],params=[],headers=[],consumes=[],produces=[],custom=[]}" onto public org.polaris.framework.common.rest.PagingResult<org.polaris.framework.debug.vo.Station> org.polaris.framework.debug.controller.StationController.getStations(java.lang.Integer,java.lang.Integer)
2015-08-12 10:59:17,813 INFO  [RequestMappingHandlerMapping] Mapped "{[/station/{id}],methods=[GET],params=[],headers=[],consumes=[],produces=[],custom=[]}" onto public org.polaris.framework.common.rest.FormResult org.polaris.framework.debug.controller.StationController.getStation(java.lang.String)
2015-08-12 10:59:17,813 INFO  [RequestMappingHandlerMapping] Mapped "{[/station/grid],methods=[DELETE],params=[],headers=[],consumes=[],produces=[],custom=[]}" onto public org.polaris.framework.common.rest.FormResult org.polaris.framework.debug.controller.StationController.deleteStations(org.polaris.framework.debug.vo.Station[])
2015-08-12 10:59:17,813 INFO  [RequestMappingHandlerMapping] Mapped "{[/station/grid],methods=[PUT],params=[],headers=[],consumes=[],produces=[],custom=[]}" onto public org.polaris.framework.common.rest.FormResult org.polaris.framework.debug.controller.StationController.updateStations(org.polaris.framework.debug.vo.Station[])
2015-08-12 10:59:17,813 INFO  [RequestMappingHandlerMapping] Mapped "{[/station/grid],methods=[POST],params=[],headers=[],consumes=[],produces=[],custom=[]}" onto public org.polaris.framework.common.rest.FormResult org.polaris.framework.debug.controller.StationController.insertStations(org.polaris.framework.debug.vo.Station[])
2015-08-12 10:59:17,813 INFO  [RequestMappingHandlerMapping] Mapped "{[/test/tt],methods=[],params=[],headers=[],consumes=[],produces=[],custom=[]}" onto public java.lang.StringBuffer org.polaris.framework.debug.vo.StationTest.tt()
2015-08-12 10:59:17,813 INFO  [RequestMappingHandlerMapping] Mapped "{[/blob],methods=[POST],params=[],headers=[],consumes=[],produces=[],custom=[]}" onto public org.polaris.framework.common.rest.FormResult org.polaris.framework.common.lob.controller.BlobContentController.upload(org.springframework.web.multipart.MultipartFile)
2015-08-12 10:59:17,813 INFO  [RequestMappingHandlerMapping] Mapped "{[/blob/{id}],methods=[GET],params=[],headers=[],consumes=[],produces=[],custom=[]}" onto public void org.polaris.framework.common.lob.controller.BlobContentController.download(java.lang.String,javax.servlet.http.HttpServletResponse)
2015-08-12 10:59:17,813 INFO  [RequestMappingHandlerMapping] Mapped "{[/blob/image/{id}],methods=[GET],params=[],headers=[],consumes=[],produces=[],custom=[]}" onto public void org.polaris.framework.common.lob.controller.BlobContentController.openImage(java.lang.String,javax.servlet.http.HttpServletRequest,javax.servlet.http.HttpServletResponse)
2015-08-12 10:59:17,813 INFO  [RequestMappingHandlerMapping] Mapped "{[/barcode/{type}/{value}],methods=[GET],params=[],headers=[],consumes=[],produces=[],custom=[]}" onto public void org.polaris.framework.report.barcode.BarcodeController.generateBarcode(java.lang.String,java.lang.String,javax.servlet.http.HttpServletResponse)
2015-08-12 10:59:17,813 INFO  [RequestMappingHandlerMapping] Mapped "{[/extjs],methods=[GET],params=[],headers=[],consumes=[],produces=[],custom=[]}" onto public java.lang.Object org.polaris.framework.webapp.extjs.ExtjsController.test()
2015-08-12 10:59:18,455 INFO  [RequestMappingHandlerAdapter] Looking for @ControllerAdvice: WebApplicationContext for namespace 'org.springframework.web.servlet.DispatcherServlet-5c089b2f-servlet': startup date [Wed Aug 12 10:59:17 CST 2015]; parent: Root WebApplicationContext
2015-08-12 10:59:18,517 INFO  [RequestMappingHandlerAdapter] Looking for @ControllerAdvice: WebApplicationContext for namespace 'org.springframework.web.servlet.DispatcherServlet-5c089b2f-servlet': startup date [Wed Aug 12 10:59:17 CST 2015]; parent: Root WebApplicationContext
2015-08-12 10:59:18,767 INFO  [DispatcherServlet] FrameworkServlet 'org.springframework.web.servlet.DispatcherServlet-5c089b2f': initialization completed in 1531 ms
2015-08-12 10:59:18,767 INFO  [STDERR] 2015-08-12 10:59:18.767:INFO:oejsh.ContextHandler:Thread-1: Started o.e.j.s.ServletContextHandler@11f88808{/api,null,AVAILABLE}
2015-08-12 10:59:18,907 INFO  [STDERR] 2015-08-12 10:59:18.907:INFO:oejs.ServerConnector:Thread-1: Started ServerConnector@4b58cb19{HTTP/1.1}{0.0.0.0:6001}
2015-08-12 10:59:18,907 INFO  [STDERR] 2015-08-12 10:59:18.907:INFO:oejs.Server:Thread-1: Started @6535ms
2015-08-12 11:01:21,149 INFO  [MenuController] load node: 1
2015-08-12 11:01:53,829 WARN  [PageNotFound] Request method 'GET' not supported
