2015-07-22 23:56:16,895 INFO  [ClassPathXmlApplicationContext] Refreshing org.springframework.context.support.ClassPathXmlApplicationContext@3abfe836: startup date [Wed Jul 22 23:56:16 CST 2015]; root of context hierarchy
2015-07-22 23:56:16,985 INFO  [XmlBeanDefinitionReader] Loading XML bean definitions from URL [file:/F:/codes/Linkit/org.polaris.framework/org.polaris.framework.common/target/classes/beanRefContext.xml]
2015-07-22 23:56:17,367 INFO  [ClassPathXmlApplicationContext] Refreshing org.springframework.context.support.ClassPathXmlApplicationContext@1e7c7811: startup date [Wed Jul 22 23:56:17 CST 2015]; root of context hierarchy
2015-07-22 23:56:17,386 INFO  [XmlBeanDefinitionReader] Loading XML bean definitions from file [F:\codes\Linkit\org.polaris.framework\org.polaris.framework.debug\target\classes\META-INF\spring\debug.xml]
2015-07-22 23:56:17,671 INFO  [XmlBeanDefinitionReader] Loading XML bean definitions from file [F:\codes\Linkit\org.polaris.framework\org.polaris.framework.debug\target\classes\META-INF\spring\server.xml]
2015-07-22 23:56:17,727 INFO  [XmlBeanDefinitionReader] Loading XML bean definitions from file [F:\codes\Linkit\org.polaris.framework\org.polaris.framework.debug\target\classes\META-INF\spring\station.xml]
2015-07-22 23:56:17,785 INFO  [XmlBeanDefinitionReader] Loading XML bean definitions from file [F:\codes\Linkit\org.polaris.framework\org.polaris.framework.common\target\classes\META-INF\spring\common-applicationcontext.xml]
2015-07-22 23:56:17,883 INFO  [XmlBeanDefinitionReader] Loading XML bean definitions from file [F:\codes\Linkit\org.polaris.framework\org.polaris.framework.authorize\target\classes\META-INF\spring\authorize-applicationcontext.xml]
2015-07-22 23:56:17,938 INFO  [XmlBeanDefinitionReader] Loading XML bean definitions from file [F:\codes\Linkit\org.polaris.framework\org.polaris.framework.webapp\org.polaris.framework.webapp.extjs\target\classes\META-INF\spring\extjs-applicationcontext.xml]
2015-07-22 23:56:18,757 INFO  [Version] HCANN000001: Hibernate Commons Annotations {4.0.5.Final}
2015-07-22 23:56:18,773 INFO  [Version] HHH000412: Hibernate Core {4.3.8.Final}
2015-07-22 23:56:18,777 INFO  [Environment] HHH000206: hibernate.properties not found
2015-07-22 23:56:18,780 INFO  [Environment] HHH000021: Bytecode provider name : javassist
2015-07-22 23:56:19,537 INFO  [Dialect] HHH000400: Using dialect: org.hibernate.dialect.MySQL5Dialect
2015-07-22 23:56:19,786 INFO  [TransactionFactoryInitiator] HHH000399: Using default transaction strategy (direct JDBC transactions)
2015-07-22 23:56:19,795 INFO  [ASTQueryTranslatorFactory] HHH000397: Using ASTQueryTranslatorFactory
2015-07-22 23:56:19,891 INFO  [Version] HV000001: Hibernate Validator 5.1.3.Final
2015-07-22 23:56:20,281 WARN  [UUIDHexGenerator] HHH000409: Using org.hibernate.id.UUIDHexGenerator which does not generate IETF RFC 4122 compliant UUID values; consider using org.hibernate.id.UUIDGenerator instead
2015-07-22 23:56:21,667 INFO  [SchemaUpdate] HHH000228: Running hbm2ddl schema update
2015-07-22 23:56:21,667 INFO  [SchemaUpdate] HHH000102: Fetching database metadata
2015-07-22 23:56:21,671 INFO  [SchemaUpdate] HHH000396: Updating schema
2015-07-22 23:56:21,703 INFO  [TableMetadata] HHH000261: Table found: test.station
2015-07-22 23:56:21,703 INFO  [TableMetadata] HHH000037: Columns: [mnc, lng, ci, id, mcc, lat, info, lac]
2015-07-22 23:56:21,703 INFO  [TableMetadata] HHH000108: Foreign keys: []
2015-07-22 23:56:21,703 INFO  [TableMetadata] HHH000126: Indexes: [primary]
2015-07-22 23:56:21,704 INFO  [SchemaUpdate] HHH000232: Schema update complete
2015-07-22 23:56:21,964 INFO  [STDERR] 2015-07-22 23:56:21.963:INFO::main: Logging initialized @5786ms
2015-07-22 23:56:22,186 INFO  [HandlerCollectionFactory] add ServletContextHandler: class org.eclipse.jetty.servlet.ServletContextHandler
2015-07-22 23:56:22,220 INFO  [HandlerCollectionFactory] add ResourceHandler: class org.eclipse.jetty.server.handler.ResourceHandler
2015-07-22 23:56:22,220 INFO  [HandlerCollectionFactory] add ResourceHandler: class org.eclipse.jetty.server.handler.ResourceHandler
2015-07-22 23:56:22,257 INFO  [HibernateTransactionManager] Using DataSource [org.apache.commons.dbcp.BasicDataSource@2da59753] of Hibernate SessionFactory for HibernateTransactionManager
2015-07-22 23:56:22,267 INFO  [ConsoleService] loading Console service...
2015-07-22 23:56:22,277 INFO  [ConsoleService] 
2015-07-22 23:56:22,277 INFO  [ConsoleService] Console service loaded successful!
2015-07-22 23:56:22,391 INFO  [STDERR] 2015-07-22 23:56:22.390:INFO:oejs.Server:Thread-1: jetty-9.2.10.v20150310
2015-07-22 23:56:22,429 INFO  [STDERR] 2015-07-22 23:56:22.429:INFO:/api:Thread-1: Initializing Spring root WebApplicationContext
2015-07-22 23:56:22,429 INFO  [ContextLoader] Root WebApplicationContext: initialization started
2015-07-22 23:56:22,438 INFO  [XmlWebApplicationContext] Refreshing Root WebApplicationContext: startup date [Wed Jul 22 23:56:22 CST 2015]; parent: ApplicationContext 'polarisApplicationContext'
2015-07-22 23:56:22,453 INFO  [ContextLoader] Root WebApplicationContext: initialization completed in 23 ms
2015-07-22 23:56:22,483 INFO  [STDERR] 2015-07-22 23:56:22.483:INFO:/api:Thread-1: Initializing Spring FrameworkServlet 'org.springframework.web.servlet.DispatcherServlet-4c060c8f'
2015-07-22 23:56:22,484 INFO  [DispatcherServlet] FrameworkServlet 'org.springframework.web.servlet.DispatcherServlet-4c060c8f': initialization started
2015-07-22 23:56:22,486 INFO  [XmlWebApplicationContext] Refreshing WebApplicationContext for namespace 'org.springframework.web.servlet.DispatcherServlet-4c060c8f-servlet': startup date [Wed Jul 22 23:56:22 CST 2015]; parent: Root WebApplicationContext
2015-07-22 23:56:22,490 INFO  [XmlBeanDefinitionReader] Loading XML bean definitions from file [F:\codes\Linkit\org.polaris.framework\org.polaris.framework.debug\target\classes\META-INF\servlet\debug-servlet.xml]
2015-07-22 23:56:22,621 INFO  [XmlBeanDefinitionReader] Loading XML bean definitions from file [F:\codes\Linkit\org.polaris.framework\org.polaris.framework.webapp\org.polaris.framework.webapp.extjs\target\classes\META-INF\servlet\extjs-servlet.xml]
2015-07-22 23:56:22,996 INFO  [RequestMappingHandlerMapping] Mapped "{[/menu/{id}],methods=[GET],params=[],headers=[],consumes=[],produces=[],custom=[]}" onto public org.polaris.framework.webapp.extjs.Node[] org.polaris.framework.debug.controller.MenuController.load(java.lang.String)
2015-07-22 23:56:22,998 INFO  [RequestMappingHandlerMapping] Mapped "{[/station],methods=[POST],params=[],headers=[],consumes=[],produces=[],custom=[]}" onto public org.polaris.framework.common.rest.FormResult org.polaris.framework.debug.controller.StationController.save(org.polaris.framework.debug.vo.Station)
2015-07-22 23:56:22,998 INFO  [RequestMappingHandlerMapping] Mapped "{[/station/grid],methods=[GET],params=[],headers=[],consumes=[],produces=[],custom=[]}" onto public org.polaris.framework.common.rest.PagingResult<org.polaris.framework.debug.vo.Station> org.polaris.framework.debug.controller.StationController.getStations(java.lang.Integer,java.lang.Integer)
2015-07-22 23:56:22,999 INFO  [RequestMappingHandlerMapping] Mapped "{[/station/{id}],methods=[GET],params=[],headers=[],consumes=[],produces=[],custom=[]}" onto public org.polaris.framework.common.rest.FormResult org.polaris.framework.debug.controller.StationController.getStation(java.lang.String)
2015-07-22 23:56:22,999 INFO  [RequestMappingHandlerMapping] Mapped "{[/station/grid],methods=[DELETE],params=[],headers=[],consumes=[],produces=[],custom=[]}" onto public org.polaris.framework.common.rest.FormResult org.polaris.framework.debug.controller.StationController.deleteStations(org.polaris.framework.debug.vo.Station[])
2015-07-22 23:56:22,999 INFO  [RequestMappingHandlerMapping] Mapped "{[/station/grid],methods=[PUT],params=[],headers=[],consumes=[],produces=[],custom=[]}" onto public org.polaris.framework.common.rest.FormResult org.polaris.framework.debug.controller.StationController.updateStations(org.polaris.framework.debug.vo.Station[])
2015-07-22 23:56:23,000 INFO  [RequestMappingHandlerMapping] Mapped "{[/station/grid],methods=[POST],params=[],headers=[],consumes=[],produces=[],custom=[]}" onto public org.polaris.framework.common.rest.FormResult org.polaris.framework.debug.controller.StationController.insertStations(org.polaris.framework.debug.vo.Station[])
2015-07-22 23:56:23,005 INFO  [RequestMappingHandlerMapping] Mapped "{[/extjs],methods=[GET],params=[],headers=[],consumes=[],produces=[],custom=[]}" onto public java.lang.Object org.polaris.framework.webapp.extjs.ExtjsController.test()
2015-07-22 23:56:23,591 INFO  [RequestMappingHandlerAdapter] Looking for @ControllerAdvice: WebApplicationContext for namespace 'org.springframework.web.servlet.DispatcherServlet-4c060c8f-servlet': startup date [Wed Jul 22 23:56:22 CST 2015]; parent: Root WebApplicationContext
2015-07-22 23:56:23,663 INFO  [RequestMappingHandlerAdapter] Looking for @ControllerAdvice: WebApplicationContext for namespace 'org.springframework.web.servlet.DispatcherServlet-4c060c8f-servlet': startup date [Wed Jul 22 23:56:22 CST 2015]; parent: Root WebApplicationContext
2015-07-22 23:56:23,857 INFO  [DispatcherServlet] FrameworkServlet 'org.springframework.web.servlet.DispatcherServlet-4c060c8f': initialization completed in 1373 ms
2015-07-22 23:56:23,858 INFO  [STDERR] 2015-07-22 23:56:23.857:INFO:oejsh.ContextHandler:Thread-1: Started o.e.j.s.ServletContextHandler@75b7130b{/api,null,AVAILABLE}
2015-07-22 23:56:23,865 INFO  [STDERR] 2015-07-22 23:56:23.865:WARN:oejuc.AbstractLifeCycle:Thread-1: FAILED ServerConnector@1ef2e302{HTTP/1.1}{0.0.0.0:6001}: java.net.BindException: Address already in use: bind
java.net.BindException: Address already in use: bind
	at sun.nio.ch.Net.bind0(Native Method)
	at sun.nio.ch.Net.bind(Net.java:437)
	at sun.nio.ch.Net.bind(Net.java:429)
	at sun.nio.ch.ServerSocketChannelImpl.bind(ServerSocketChannelImpl.java:223)
	at sun.nio.ch.ServerSocketAdaptor.bind(ServerSocketAdaptor.java:74)
	at org.eclipse.jetty.server.ServerConnector.open(ServerConnector.java:321)
	at org.eclipse.jetty.server.AbstractNetworkConnector.doStart(AbstractNetworkConnector.java:80)
	at org.eclipse.jetty.server.ServerConnector.doStart(ServerConnector.java:236)
	at org.eclipse.jetty.util.component.AbstractLifeCycle.start(AbstractLifeCycle.java:68)
	at org.eclipse.jetty.server.Server.doStart(Server.java:366)
	at org.eclipse.jetty.util.component.AbstractLifeCycle.start(AbstractLifeCycle.java:68)
	at org.polaris.framework.common.server.MyServer$1.run(MyServer.java:40)
	at java.lang.Thread.run(Thread.java:745)
2015-07-22 23:56:23,866 INFO  [STDERR] 2015-07-22 23:56:23.866:WARN:oejuc.AbstractLifeCycle:Thread-1: FAILED org.polaris.framework.common.server.MyServer@6e92c6ad: java.net.BindException: Address already in use: bind
java.net.BindException: Address already in use: bind
	at sun.nio.ch.Net.bind0(Native Method)
	at sun.nio.ch.Net.bind(Net.java:437)
	at sun.nio.ch.Net.bind(Net.java:429)
	at sun.nio.ch.ServerSocketChannelImpl.bind(ServerSocketChannelImpl.java:223)
	at sun.nio.ch.ServerSocketAdaptor.bind(ServerSocketAdaptor.java:74)
	at org.eclipse.jetty.server.ServerConnector.open(ServerConnector.java:321)
	at org.eclipse.jetty.server.AbstractNetworkConnector.doStart(AbstractNetworkConnector.java:80)
	at org.eclipse.jetty.server.ServerConnector.doStart(ServerConnector.java:236)
	at org.eclipse.jetty.util.component.AbstractLifeCycle.start(AbstractLifeCycle.java:68)
	at org.eclipse.jetty.server.Server.doStart(Server.java:366)
	at org.eclipse.jetty.util.component.AbstractLifeCycle.start(AbstractLifeCycle.java:68)
	at org.polaris.framework.common.server.MyServer$1.run(MyServer.java:40)
	at java.lang.Thread.run(Thread.java:745)
2015-07-22 23:56:23,867 ERROR [MyServer] Server start failed!
java.net.BindException: Address already in use: bind
	at sun.nio.ch.Net.bind0(Native Method)
	at sun.nio.ch.Net.bind(Net.java:437)
	at sun.nio.ch.Net.bind(Net.java:429)
	at sun.nio.ch.ServerSocketChannelImpl.bind(ServerSocketChannelImpl.java:223)
	at sun.nio.ch.ServerSocketAdaptor.bind(ServerSocketAdaptor.java:74)
	at org.eclipse.jetty.server.ServerConnector.open(ServerConnector.java:321)
	at org.eclipse.jetty.server.AbstractNetworkConnector.doStart(AbstractNetworkConnector.java:80)
	at org.eclipse.jetty.server.ServerConnector.doStart(ServerConnector.java:236)
	at org.eclipse.jetty.util.component.AbstractLifeCycle.start(AbstractLifeCycle.java:68)
	at org.eclipse.jetty.server.Server.doStart(Server.java:366)
	at org.eclipse.jetty.util.component.AbstractLifeCycle.start(AbstractLifeCycle.java:68)
	at org.polaris.framework.common.server.MyServer$1.run(MyServer.java:40)
	at java.lang.Thread.run(Thread.java:745)
2015-07-22 23:56:23,891 INFO  [STDERR] 2015-07-22 23:56:23.890:INFO:oejs.Server:Thread-13: jetty-9.2.10.v20150310
2015-07-22 23:56:23,894 INFO  [STDERR] 2015-07-22 23:56:23.893:WARN:oejuc.AbstractLifeCycle:Thread-13: FAILED ServerConnector@1ef2e302{HTTP/1.1}{0.0.0.0:6001}: java.net.BindException: Address already in use: bind
java.net.BindException: Address already in use: bind
	at sun.nio.ch.Net.bind0(Native Method)
	at sun.nio.ch.Net.bind(Net.java:437)
	at sun.nio.ch.Net.bind(Net.java:429)
	at sun.nio.ch.ServerSocketChannelImpl.bind(ServerSocketChannelImpl.java:223)
	at sun.nio.ch.ServerSocketAdaptor.bind(ServerSocketAdaptor.java:74)
	at org.eclipse.jetty.server.ServerConnector.open(ServerConnector.java:321)
	at org.eclipse.jetty.server.AbstractNetworkConnector.doStart(AbstractNetworkConnector.java:80)
	at org.eclipse.jetty.server.ServerConnector.doStart(ServerConnector.java:236)
	at org.eclipse.jetty.util.component.AbstractLifeCycle.start(AbstractLifeCycle.java:68)
	at org.eclipse.jetty.server.Server.doStart(Server.java:366)
	at org.eclipse.jetty.util.component.AbstractLifeCycle.start(AbstractLifeCycle.java:68)
	at org.polaris.framework.common.server.MyServer$1.run(MyServer.java:40)
	at java.lang.Thread.run(Thread.java:745)
2015-07-22 23:56:23,894 INFO  [STDERR] 2015-07-22 23:56:23.894:WARN:oejuc.AbstractLifeCycle:Thread-13: FAILED org.polaris.framework.common.server.MyServer@6e92c6ad: java.net.BindException: Address already in use: bind
java.net.BindException: Address already in use: bind
	at sun.nio.ch.Net.bind0(Native Method)
	at sun.nio.ch.Net.bind(Net.java:437)
	at sun.nio.ch.Net.bind(Net.java:429)
	at sun.nio.ch.ServerSocketChannelImpl.bind(ServerSocketChannelImpl.java:223)
	at sun.nio.ch.ServerSocketAdaptor.bind(ServerSocketAdaptor.java:74)
	at org.eclipse.jetty.server.ServerConnector.open(ServerConnector.java:321)
	at org.eclipse.jetty.server.AbstractNetworkConnector.doStart(AbstractNetworkConnector.java:80)
	at org.eclipse.jetty.server.ServerConnector.doStart(ServerConnector.java:236)
	at org.eclipse.jetty.util.component.AbstractLifeCycle.start(AbstractLifeCycle.java:68)
	at org.eclipse.jetty.server.Server.doStart(Server.java:366)
	at org.eclipse.jetty.util.component.AbstractLifeCycle.start(AbstractLifeCycle.java:68)
	at org.polaris.framework.common.server.MyServer$1.run(MyServer.java:40)
	at java.lang.Thread.run(Thread.java:745)
2015-07-22 23:56:23,894 ERROR [MyServer] Server start failed!
java.net.BindException: Address already in use: bind
	at sun.nio.ch.Net.bind0(Native Method)
	at sun.nio.ch.Net.bind(Net.java:437)
	at sun.nio.ch.Net.bind(Net.java:429)
	at sun.nio.ch.ServerSocketChannelImpl.bind(ServerSocketChannelImpl.java:223)
	at sun.nio.ch.ServerSocketAdaptor.bind(ServerSocketAdaptor.java:74)
	at org.eclipse.jetty.server.ServerConnector.open(ServerConnector.java:321)
	at org.eclipse.jetty.server.AbstractNetworkConnector.doStart(AbstractNetworkConnector.java:80)
	at org.eclipse.jetty.server.ServerConnector.doStart(ServerConnector.java:236)
	at org.eclipse.jetty.util.component.AbstractLifeCycle.start(AbstractLifeCycle.java:68)
	at org.eclipse.jetty.server.Server.doStart(Server.java:366)
	at org.eclipse.jetty.util.component.AbstractLifeCycle.start(AbstractLifeCycle.java:68)
	at org.polaris.framework.common.server.MyServer$1.run(MyServer.java:40)
	at java.lang.Thread.run(Thread.java:745)
2015-07-22 23:56:23,902 INFO  [STDERR] 2015-07-22 23:56:23.902:INFO:oejs.Server:Thread-14: jetty-9.2.10.v20150310
2015-07-22 23:56:23,904 INFO  [STDERR] 2015-07-22 23:56:23.904:WARN:oejuc.AbstractLifeCycle:Thread-14: FAILED ServerConnector@1ef2e302{HTTP/1.1}{0.0.0.0:6001}: java.net.BindException: Address already in use: bind
java.net.BindException: Address already in use: bind
	at sun.nio.ch.Net.bind0(Native Method)
	at sun.nio.ch.Net.bind(Net.java:437)
	at sun.nio.ch.Net.bind(Net.java:429)
	at sun.nio.ch.ServerSocketChannelImpl.bind(ServerSocketChannelImpl.java:223)
	at sun.nio.ch.ServerSocketAdaptor.bind(ServerSocketAdaptor.java:74)
	at org.eclipse.jetty.server.ServerConnector.open(ServerConnector.java:321)
	at org.eclipse.jetty.server.AbstractNetworkConnector.doStart(AbstractNetworkConnector.java:80)
	at org.eclipse.jetty.server.ServerConnector.doStart(ServerConnector.java:236)
	at org.eclipse.jetty.util.component.AbstractLifeCycle.start(AbstractLifeCycle.java:68)
	at org.eclipse.jetty.server.Server.doStart(Server.java:366)
	at org.eclipse.jetty.util.component.AbstractLifeCycle.start(AbstractLifeCycle.java:68)
	at org.polaris.framework.common.server.MyServer$1.run(MyServer.java:40)
	at java.lang.Thread.run(Thread.java:745)
2015-07-22 23:56:23,905 INFO  [STDERR] 2015-07-22 23:56:23.904:WARN:oejuc.AbstractLifeCycle:Thread-14: FAILED org.polaris.framework.common.server.MyServer@6e92c6ad: java.net.BindException: Address already in use: bind
java.net.BindException: Address already in use: bind
	at sun.nio.ch.Net.bind0(Native Method)
	at sun.nio.ch.Net.bind(Net.java:437)
	at sun.nio.ch.Net.bind(Net.java:429)
	at sun.nio.ch.ServerSocketChannelImpl.bind(ServerSocketChannelImpl.java:223)
	at sun.nio.ch.ServerSocketAdaptor.bind(ServerSocketAdaptor.java:74)
	at org.eclipse.jetty.server.ServerConnector.open(ServerConnector.java:321)
	at org.eclipse.jetty.server.AbstractNetworkConnector.doStart(AbstractNetworkConnector.java:80)
	at org.eclipse.jetty.server.ServerConnector.doStart(ServerConnector.java:236)
	at org.eclipse.jetty.util.component.AbstractLifeCycle.start(AbstractLifeCycle.java:68)
	at org.eclipse.jetty.server.Server.doStart(Server.java:366)
	at org.eclipse.jetty.util.component.AbstractLifeCycle.start(AbstractLifeCycle.java:68)
	at org.polaris.framework.common.server.MyServer$1.run(MyServer.java:40)
	at java.lang.Thread.run(Thread.java:745)
2015-07-22 23:56:23,905 ERROR [MyServer] Server start failed!
java.net.BindException: Address already in use: bind
	at sun.nio.ch.Net.bind0(Native Method)
	at sun.nio.ch.Net.bind(Net.java:437)
	at sun.nio.ch.Net.bind(Net.java:429)
	at sun.nio.ch.ServerSocketChannelImpl.bind(ServerSocketChannelImpl.java:223)
	at sun.nio.ch.ServerSocketAdaptor.bind(ServerSocketAdaptor.java:74)
	at org.eclipse.jetty.server.ServerConnector.open(ServerConnector.java:321)
	at org.eclipse.jetty.server.AbstractNetworkConnector.doStart(AbstractNetworkConnector.java:80)
	at org.eclipse.jetty.server.ServerConnector.doStart(ServerConnector.java:236)
	at org.eclipse.jetty.util.component.AbstractLifeCycle.start(AbstractLifeCycle.java:68)
	at org.eclipse.jetty.server.Server.doStart(Server.java:366)
	at org.eclipse.jetty.util.component.AbstractLifeCycle.start(AbstractLifeCycle.java:68)
	at org.polaris.framework.common.server.MyServer$1.run(MyServer.java:40)
	at java.lang.Thread.run(Thread.java:745)
