2015-07-24 09:52:34,903 INFO  [ClassPathXmlApplicationContext] Refreshing org.springframework.context.support.ClassPathXmlApplicationContext@3abfe836: startup date [Fri Jul 24 09:52:34 CST 2015]; root of context hierarchy
2015-07-24 09:52:34,981 INFO  [XmlBeanDefinitionReader] Loading XML bean definitions from URL [file:/F:/codes/Linkit/org.polaris.framework/org.polaris.framework.common/target/classes/beanRefContext.xml]
2015-07-24 09:52:35,357 INFO  [ClassPathXmlApplicationContext] Refreshing org.springframework.context.support.ClassPathXmlApplicationContext@1e7c7811: startup date [Fri Jul 24 09:52:35 CST 2015]; root of context hierarchy
2015-07-24 09:52:35,372 INFO  [XmlBeanDefinitionReader] Loading XML bean definitions from file [F:\codes\Linkit\org.polaris.framework\org.polaris.framework.debug\target\classes\META-INF\spring\debug.xml]
2015-07-24 09:52:35,653 INFO  [XmlBeanDefinitionReader] Loading XML bean definitions from file [F:\codes\Linkit\org.polaris.framework\org.polaris.framework.debug\target\classes\META-INF\spring\server.xml]
2015-07-24 09:52:35,918 INFO  [XmlBeanDefinitionReader] Loading XML bean definitions from file [F:\codes\Linkit\org.polaris.framework\org.polaris.framework.debug\target\classes\META-INF\spring\station.xml]
2015-07-24 09:52:36,074 INFO  [XmlBeanDefinitionReader] Loading XML bean definitions from file [F:\codes\Linkit\org.polaris.framework\org.polaris.framework.common\target\classes\META-INF\spring\common-applicationcontext.xml]
2015-07-24 09:52:36,137 INFO  [XmlBeanDefinitionReader] Loading XML bean definitions from file [F:\codes\Linkit\org.polaris.framework\org.polaris.framework.authorize\target\classes\META-INF\spring\authorize-applicationcontext.xml]
2015-07-24 09:52:36,176 INFO  [XmlBeanDefinitionReader] Loading XML bean definitions from file [F:\codes\Linkit\org.polaris.framework\org.polaris.framework.webapp\org.polaris.framework.webapp.extjs\target\classes\META-INF\spring\extjs-applicationcontext.xml]
2015-07-24 09:52:36,929 INFO  [Version] HCANN000001: Hibernate Commons Annotations {4.0.5.Final}
2015-07-24 09:52:36,945 INFO  [Version] HHH000412: Hibernate Core {4.3.8.Final}
2015-07-24 09:52:36,945 INFO  [Environment] HHH000206: hibernate.properties not found
2015-07-24 09:52:36,945 INFO  [Environment] HHH000021: Bytecode provider name : javassist
2015-07-24 09:52:37,819 INFO  [Dialect] HHH000400: Using dialect: org.hibernate.dialect.MySQL5Dialect
2015-07-24 09:52:38,116 INFO  [TransactionFactoryInitiator] HHH000399: Using default transaction strategy (direct JDBC transactions)
2015-07-24 09:52:38,132 INFO  [ASTQueryTranslatorFactory] HHH000397: Using ASTQueryTranslatorFactory
2015-07-24 09:52:38,210 INFO  [Version] HV000001: Hibernate Validator 5.1.3.Final
2015-07-24 09:52:38,678 WARN  [UUIDHexGenerator] HHH000409: Using org.hibernate.id.UUIDHexGenerator which does not generate IETF RFC 4122 compliant UUID values; consider using org.hibernate.id.UUIDGenerator instead
2015-07-24 09:52:39,614 INFO  [SchemaUpdate] HHH000228: Running hbm2ddl schema update
2015-07-24 09:52:39,614 INFO  [SchemaUpdate] HHH000102: Fetching database metadata
2015-07-24 09:52:39,629 INFO  [SchemaUpdate] HHH000396: Updating schema
2015-07-24 09:52:39,724 INFO  [TableMetadata] HHH000261: Table found: test.station
2015-07-24 09:52:39,724 INFO  [TableMetadata] HHH000037: Columns: [mnc, lng, ci, id, mcc, lat, info, lac]
2015-07-24 09:52:39,724 INFO  [TableMetadata] HHH000108: Foreign keys: []
2015-07-24 09:52:39,724 INFO  [TableMetadata] HHH000126: Indexes: [primary]
2015-07-24 09:52:39,724 INFO  [SchemaUpdate] HHH000232: Schema update complete
2015-07-24 09:52:39,942 INFO  [STDERR] 2015-07-24 09:52:39.942:INFO::main: Logging initialized @6013ms
2015-07-24 09:52:40,223 INFO  [HandlerCollectionFactory] add ServletContextHandler: class org.eclipse.jetty.servlet.ServletContextHandler
2015-07-24 09:52:40,254 INFO  [HandlerCollectionFactory] add ResourceHandler: class org.eclipse.jetty.server.handler.ResourceHandler
2015-07-24 09:52:40,254 INFO  [HandlerCollectionFactory] add ResourceHandler: class org.eclipse.jetty.server.handler.ResourceHandler
2015-07-24 09:52:40,285 INFO  [HibernateTransactionManager] Using DataSource [org.apache.commons.dbcp.BasicDataSource@4df5bcb4] of Hibernate SessionFactory for HibernateTransactionManager
2015-07-24 09:52:40,301 INFO  [ConsoleService] loading Console service...
2015-07-24 09:52:40,301 INFO  [ConsoleService] 
2015-07-24 09:52:40,301 INFO  [ConsoleService] Console service loaded successful!
2015-07-24 09:52:40,410 INFO  [STDERR] 2015-07-24 09:52:40.410:INFO:oejs.Server:Thread-1: jetty-9.2.10.v20150310
2015-07-24 09:52:40,441 INFO  [STDERR] 2015-07-24 09:52:40.441:INFO:/api:Thread-1: Initializing Spring root WebApplicationContext
2015-07-24 09:52:40,441 INFO  [ContextLoader] Root WebApplicationContext: initialization started
2015-07-24 09:52:40,457 INFO  [XmlWebApplicationContext] Refreshing Root WebApplicationContext: startup date [Fri Jul 24 09:52:40 CST 2015]; parent: ApplicationContext 'polarisApplicationContext'
2015-07-24 09:52:40,457 INFO  [ContextLoader] Root WebApplicationContext: initialization completed in 16 ms
2015-07-24 09:52:40,488 INFO  [STDERR] 2015-07-24 09:52:40.488:INFO:/api:Thread-1: Initializing Spring FrameworkServlet 'org.springframework.web.servlet.DispatcherServlet-383f3558'
2015-07-24 09:52:40,488 INFO  [DispatcherServlet] FrameworkServlet 'org.springframework.web.servlet.DispatcherServlet-383f3558': initialization started
2015-07-24 09:52:40,488 INFO  [XmlWebApplicationContext] Refreshing WebApplicationContext for namespace 'org.springframework.web.servlet.DispatcherServlet-383f3558-servlet': startup date [Fri Jul 24 09:52:40 CST 2015]; parent: Root WebApplicationContext
2015-07-24 09:52:40,488 INFO  [XmlBeanDefinitionReader] Loading XML bean definitions from file [F:\codes\Linkit\org.polaris.framework\org.polaris.framework.debug\target\classes\META-INF\servlet\debug-servlet.xml]
2015-07-24 09:52:40,613 INFO  [XmlBeanDefinitionReader] Loading XML bean definitions from file [F:\codes\Linkit\org.polaris.framework\org.polaris.framework.webapp\org.polaris.framework.webapp.extjs\target\classes\META-INF\servlet\extjs-servlet.xml]
2015-07-24 09:52:40,936 INFO  [RequestMappingHandlerMapping] Mapped "{[/menu/{id}],methods=[GET],params=[],headers=[],consumes=[],produces=[],custom=[]}" onto public org.polaris.framework.webapp.extjs.Node[] org.polaris.framework.debug.controller.MenuController.load(java.lang.String)
2015-07-24 09:52:40,936 INFO  [RequestMappingHandlerMapping] Mapped "{[/station],methods=[POST],params=[],headers=[],consumes=[],produces=[],custom=[]}" onto public org.polaris.framework.common.rest.FormResult org.polaris.framework.debug.controller.StationController.save(org.polaris.framework.debug.vo.Station)
2015-07-24 09:52:40,936 INFO  [RequestMappingHandlerMapping] Mapped "{[/station/{id}],methods=[GET],params=[],headers=[],consumes=[],produces=[],custom=[]}" onto public org.polaris.framework.common.rest.FormResult org.polaris.framework.debug.controller.StationController.getStation(java.lang.String)
2015-07-24 09:52:40,936 INFO  [RequestMappingHandlerMapping] Mapped "{[/station/grid],methods=[GET],params=[],headers=[],consumes=[],produces=[],custom=[]}" onto public org.polaris.framework.common.rest.PagingResult<org.polaris.framework.debug.vo.Station> org.polaris.framework.debug.controller.StationController.getStations(java.lang.Integer,java.lang.Integer)
2015-07-24 09:52:40,936 INFO  [RequestMappingHandlerMapping] Mapped "{[/station/grid],methods=[DELETE],params=[],headers=[],consumes=[],produces=[],custom=[]}" onto public org.polaris.framework.common.rest.FormResult org.polaris.framework.debug.controller.StationController.deleteStations(org.polaris.framework.debug.vo.Station[])
2015-07-24 09:52:40,936 INFO  [RequestMappingHandlerMapping] Mapped "{[/station/grid],methods=[PUT],params=[],headers=[],consumes=[],produces=[],custom=[]}" onto public org.polaris.framework.common.rest.FormResult org.polaris.framework.debug.controller.StationController.updateStations(org.polaris.framework.debug.vo.Station[])
2015-07-24 09:52:40,936 INFO  [RequestMappingHandlerMapping] Mapped "{[/station/grid],methods=[POST],params=[],headers=[],consumes=[],produces=[],custom=[]}" onto public org.polaris.framework.common.rest.FormResult org.polaris.framework.debug.controller.StationController.insertStations(org.polaris.framework.debug.vo.Station[])
2015-07-24 09:52:40,936 INFO  [RequestMappingHandlerMapping] Mapped "{[/test/tt],methods=[],params=[],headers=[],consumes=[],produces=[],custom=[]}" onto public java.lang.StringBuffer org.polaris.framework.debug.vo.StationTest.tt()
2015-07-24 09:52:40,952 INFO  [RequestMappingHandlerMapping] Mapped "{[/extjs],methods=[GET],params=[],headers=[],consumes=[],produces=[],custom=[]}" onto public java.lang.Object org.polaris.framework.webapp.extjs.ExtjsController.test()
2015-07-24 09:52:41,482 INFO  [RequestMappingHandlerAdapter] Looking for @ControllerAdvice: WebApplicationContext for namespace 'org.springframework.web.servlet.DispatcherServlet-383f3558-servlet': startup date [Fri Jul 24 09:52:40 CST 2015]; parent: Root WebApplicationContext
2015-07-24 09:52:41,576 INFO  [RequestMappingHandlerAdapter] Looking for @ControllerAdvice: WebApplicationContext for namespace 'org.springframework.web.servlet.DispatcherServlet-383f3558-servlet': startup date [Fri Jul 24 09:52:40 CST 2015]; parent: Root WebApplicationContext
2015-07-24 09:52:41,841 INFO  [DispatcherServlet] FrameworkServlet 'org.springframework.web.servlet.DispatcherServlet-383f3558': initialization completed in 1353 ms
2015-07-24 09:52:41,841 INFO  [STDERR] 2015-07-24 09:52:41.841:INFO:oejsh.ContextHandler:Thread-1: Started o.e.j.s.ServletContextHandler@78df44bf{/api,null,AVAILABLE}
2015-07-24 09:52:41,879 INFO  [STDERR] 2015-07-24 09:52:41.879:INFO:oejs.ServerConnector:Thread-1: Started ServerConnector@48d7d316{HTTP/1.1}{0.0.0.0:6001}
2015-07-24 09:52:41,879 INFO  [STDERR] 2015-07-24 09:52:41.879:INFO:oejs.Server:Thread-1: Started @7946ms
2015-07-24 09:53:10,754 ERROR [StationTest] 数据库操作异常org.hibernate.HibernateException: Could not obtain transaction-synchronized Session for current thread
2015-07-24 09:53:10,764 INFO  [StationTest] 运行了catch运行了finally
