2015-07-23 00:09:33,027 INFO  [ClassPathXmlApplicationContext] Refreshing org.springframework.context.support.ClassPathXmlApplicationContext@3abfe836: startup date [Thu Jul 23 00:09:33 CST 2015]; root of context hierarchy
2015-07-23 00:09:33,098 INFO  [XmlBeanDefinitionReader] Loading XML bean definitions from URL [file:/F:/codes/Linkit/org.polaris.framework/org.polaris.framework.common/target/classes/beanRefContext.xml]
2015-07-23 00:09:33,377 INFO  [ClassPathXmlApplicationContext] Refreshing org.springframework.context.support.ClassPathXmlApplicationContext@1e7c7811: startup date [Thu Jul 23 00:09:33 CST 2015]; root of context hierarchy
2015-07-23 00:09:33,389 INFO  [XmlBeanDefinitionReader] Loading XML bean definitions from file [F:\codes\Linkit\org.polaris.framework\org.polaris.framework.debug\target\classes\META-INF\spring\debug.xml]
2015-07-23 00:09:33,572 INFO  [XmlBeanDefinitionReader] Loading XML bean definitions from file [F:\codes\Linkit\org.polaris.framework\org.polaris.framework.debug\target\classes\META-INF\spring\server.xml]
2015-07-23 00:09:33,622 INFO  [XmlBeanDefinitionReader] Loading XML bean definitions from file [F:\codes\Linkit\org.polaris.framework\org.polaris.framework.debug\target\classes\META-INF\spring\station.xml]
2015-07-23 00:09:33,682 INFO  [XmlBeanDefinitionReader] Loading XML bean definitions from file [F:\codes\Linkit\org.polaris.framework\org.polaris.framework.common\target\classes\META-INF\spring\common-applicationcontext.xml]
2015-07-23 00:09:33,748 INFO  [XmlBeanDefinitionReader] Loading XML bean definitions from file [F:\codes\Linkit\org.polaris.framework\org.polaris.framework.authorize\target\classes\META-INF\spring\authorize-applicationcontext.xml]
2015-07-23 00:09:33,780 INFO  [XmlBeanDefinitionReader] Loading XML bean definitions from file [F:\codes\Linkit\org.polaris.framework\org.polaris.framework.webapp\org.polaris.framework.webapp.extjs\target\classes\META-INF\spring\extjs-applicationcontext.xml]
2015-07-23 00:09:34,332 INFO  [Version] HCANN000001: Hibernate Commons Annotations {4.0.5.Final}
2015-07-23 00:09:34,340 INFO  [Version] HHH000412: Hibernate Core {4.3.8.Final}
2015-07-23 00:09:34,343 INFO  [Environment] HHH000206: hibernate.properties not found
2015-07-23 00:09:34,345 INFO  [Environment] HHH000021: Bytecode provider name : javassist
2015-07-23 00:09:34,933 INFO  [Dialect] HHH000400: Using dialect: org.hibernate.dialect.MySQL5Dialect
2015-07-23 00:09:35,151 INFO  [TransactionFactoryInitiator] HHH000399: Using default transaction strategy (direct JDBC transactions)
2015-07-23 00:09:35,159 INFO  [ASTQueryTranslatorFactory] HHH000397: Using ASTQueryTranslatorFactory
2015-07-23 00:09:35,237 INFO  [Version] HV000001: Hibernate Validator 5.1.3.Final
2015-07-23 00:09:35,572 WARN  [UUIDHexGenerator] HHH000409: Using org.hibernate.id.UUIDHexGenerator which does not generate IETF RFC 4122 compliant UUID values; consider using org.hibernate.id.UUIDGenerator instead
2015-07-23 00:09:36,487 INFO  [SchemaUpdate] HHH000228: Running hbm2ddl schema update
2015-07-23 00:09:36,487 INFO  [SchemaUpdate] HHH000102: Fetching database metadata
2015-07-23 00:09:36,492 INFO  [SchemaUpdate] HHH000396: Updating schema
2015-07-23 00:09:36,527 INFO  [TableMetadata] HHH000261: Table found: test.station
2015-07-23 00:09:36,527 INFO  [TableMetadata] HHH000037: Columns: [mnc, lng, ci, id, mcc, lat, info, lac]
2015-07-23 00:09:36,527 INFO  [TableMetadata] HHH000108: Foreign keys: []
2015-07-23 00:09:36,527 INFO  [TableMetadata] HHH000126: Indexes: [primary]
2015-07-23 00:09:36,528 INFO  [SchemaUpdate] HHH000232: Schema update complete
2015-07-23 00:09:36,755 INFO  [STDERR] 2015-07-23 00:09:36.753:INFO::main: Logging initialized @4396ms
2015-07-23 00:09:36,967 INFO  [HandlerCollectionFactory] add ServletContextHandler: class org.eclipse.jetty.servlet.ServletContextHandler
2015-07-23 00:09:36,996 INFO  [HandlerCollectionFactory] add ResourceHandler: class org.eclipse.jetty.server.handler.ResourceHandler
2015-07-23 00:09:36,996 INFO  [HandlerCollectionFactory] add ResourceHandler: class org.eclipse.jetty.server.handler.ResourceHandler
2015-07-23 00:09:37,030 INFO  [HibernateTransactionManager] Using DataSource [org.apache.commons.dbcp.BasicDataSource@2da59753] of Hibernate SessionFactory for HibernateTransactionManager
2015-07-23 00:09:37,040 INFO  [ConsoleService] loading Console service...
2015-07-23 00:09:37,077 INFO  [ConsoleService] 
2015-07-23 00:09:37,077 INFO  [ConsoleService] Console service loaded successful!
2015-07-23 00:09:37,131 INFO  [STDERR] 2015-07-23 00:09:37.131:INFO:oejs.Server:Thread-1: jetty-9.2.10.v20150310
2015-07-23 00:09:37,161 INFO  [STDERR] 2015-07-23 00:09:37.161:INFO:/api:Thread-1: Initializing Spring root WebApplicationContext
2015-07-23 00:09:37,161 INFO  [ContextLoader] Root WebApplicationContext: initialization started
2015-07-23 00:09:37,168 INFO  [XmlWebApplicationContext] Refreshing Root WebApplicationContext: startup date [Thu Jul 23 00:09:37 CST 2015]; parent: ApplicationContext 'polarisApplicationContext'
2015-07-23 00:09:37,182 INFO  [ContextLoader] Root WebApplicationContext: initialization completed in 21 ms
2015-07-23 00:09:37,209 INFO  [STDERR] 2015-07-23 00:09:37.209:INFO:/api:Thread-1: Initializing Spring FrameworkServlet 'org.springframework.web.servlet.DispatcherServlet-4c060c8f'
2015-07-23 00:09:37,209 INFO  [DispatcherServlet] FrameworkServlet 'org.springframework.web.servlet.DispatcherServlet-4c060c8f': initialization started
2015-07-23 00:09:37,212 INFO  [XmlWebApplicationContext] Refreshing WebApplicationContext for namespace 'org.springframework.web.servlet.DispatcherServlet-4c060c8f-servlet': startup date [Thu Jul 23 00:09:37 CST 2015]; parent: Root WebApplicationContext
2015-07-23 00:09:37,214 INFO  [XmlBeanDefinitionReader] Loading XML bean definitions from file [F:\codes\Linkit\org.polaris.framework\org.polaris.framework.debug\target\classes\META-INF\servlet\debug-servlet.xml]
2015-07-23 00:09:37,348 INFO  [XmlBeanDefinitionReader] Loading XML bean definitions from file [F:\codes\Linkit\org.polaris.framework\org.polaris.framework.webapp\org.polaris.framework.webapp.extjs\target\classes\META-INF\servlet\extjs-servlet.xml]
2015-07-23 00:09:37,643 INFO  [RequestMappingHandlerMapping] Mapped "{[/menu/{id}],methods=[GET],params=[],headers=[],consumes=[],produces=[],custom=[]}" onto public org.polaris.framework.webapp.extjs.Node[] org.polaris.framework.debug.controller.MenuController.load(java.lang.String)
2015-07-23 00:09:37,646 INFO  [RequestMappingHandlerMapping] Mapped "{[/station],methods=[POST],params=[],headers=[],consumes=[],produces=[],custom=[]}" onto public org.polaris.framework.common.rest.FormResult org.polaris.framework.debug.controller.StationController.save(org.polaris.framework.debug.vo.Station)
2015-07-23 00:09:37,646 INFO  [RequestMappingHandlerMapping] Mapped "{[/station/grid],methods=[GET],params=[],headers=[],consumes=[],produces=[],custom=[]}" onto public org.polaris.framework.common.rest.PagingResult<org.polaris.framework.debug.vo.Station> org.polaris.framework.debug.controller.StationController.getStations(java.lang.Integer,java.lang.Integer)
2015-07-23 00:09:37,646 INFO  [RequestMappingHandlerMapping] Mapped "{[/station/{id}],methods=[GET],params=[],headers=[],consumes=[],produces=[],custom=[]}" onto public org.polaris.framework.common.rest.FormResult org.polaris.framework.debug.controller.StationController.getStation(java.lang.String)
2015-07-23 00:09:37,647 INFO  [RequestMappingHandlerMapping] Mapped "{[/station/grid],methods=[DELETE],params=[],headers=[],consumes=[],produces=[],custom=[]}" onto public org.polaris.framework.common.rest.FormResult org.polaris.framework.debug.controller.StationController.deleteStations(org.polaris.framework.debug.vo.Station[])
2015-07-23 00:09:37,647 INFO  [RequestMappingHandlerMapping] Mapped "{[/station/grid],methods=[PUT],params=[],headers=[],consumes=[],produces=[],custom=[]}" onto public org.polaris.framework.common.rest.FormResult org.polaris.framework.debug.controller.StationController.updateStations(org.polaris.framework.debug.vo.Station[])
2015-07-23 00:09:37,647 INFO  [RequestMappingHandlerMapping] Mapped "{[/station/grid],methods=[POST],params=[],headers=[],consumes=[],produces=[],custom=[]}" onto public org.polaris.framework.common.rest.FormResult org.polaris.framework.debug.controller.StationController.insertStations(org.polaris.framework.debug.vo.Station[])
2015-07-23 00:09:37,650 INFO  [RequestMappingHandlerMapping] Mapped "{[/extjs],methods=[GET],params=[],headers=[],consumes=[],produces=[],custom=[]}" onto public java.lang.Object org.polaris.framework.webapp.extjs.ExtjsController.test()
2015-07-23 00:09:38,112 INFO  [RequestMappingHandlerAdapter] Looking for @ControllerAdvice: WebApplicationContext for namespace 'org.springframework.web.servlet.DispatcherServlet-4c060c8f-servlet': startup date [Thu Jul 23 00:09:37 CST 2015]; parent: Root WebApplicationContext
2015-07-23 00:09:38,177 INFO  [RequestMappingHandlerAdapter] Looking for @ControllerAdvice: WebApplicationContext for namespace 'org.springframework.web.servlet.DispatcherServlet-4c060c8f-servlet': startup date [Thu Jul 23 00:09:37 CST 2015]; parent: Root WebApplicationContext
2015-07-23 00:09:38,387 INFO  [DispatcherServlet] FrameworkServlet 'org.springframework.web.servlet.DispatcherServlet-4c060c8f': initialization completed in 1178 ms
2015-07-23 00:09:38,388 INFO  [STDERR] 2015-07-23 00:09:38.388:INFO:oejsh.ContextHandler:Thread-1: Started o.e.j.s.ServletContextHandler@1643dbce{/api,null,AVAILABLE}
2015-07-23 00:09:38,426 INFO  [STDERR] 2015-07-23 00:09:38.426:INFO:oejs.ServerConnector:Thread-1: Started ServerConnector@56c192ea{HTTP/1.1}{0.0.0.0:6001}
2015-07-23 00:09:38,426 INFO  [STDERR] 2015-07-23 00:09:38.426:INFO:oejs.Server:Thread-1: Started @6069ms
